#
# There is insufficient memory for the Java Runtime Environment to continue.
# Native memory allocation (malloc) failed to allocate 32744 bytes for ChunkPool::allocate
# Possible reasons:
#   The system is out of physical RAM or swap space
#   The process is running with CompressedOops enabled, and the Java Heap may be blocking the growth of the native heap
# Possible solutions:
#   Reduce memory load on the system
#   Increase physical memory or swap space
#   Check if swap backing store is full
#   Decrease Java heap size (-Xmx/-Xms)
#   Decrease number of Java threads
#   Decrease Java thread stack sizes (-Xss)
#   Set larger code cache with -XX:ReservedCodeCacheSize=
#   JVM is running with Unscaled Compressed Oops mode in which the Java heap is
#     placed in the first 4GB address space. The Java Heap base address is the
#     maximum limit for the native heap growth. Please use -XX:HeapBaseMinAddress
#     to set the Java Heap base and to place the Java Heap above 4GB virtual address.
# This output file may be truncated or incomplete.
#
#  Out of Memory Error (arena.cpp:78), pid=15936, tid=34688
#
# JRE version: OpenJDK Runtime Environment Temurin-17.0.2+8 (17.0.2+8) (build 17.0.2+8)
# Java VM: OpenJDK 64-Bit Server VM Temurin-17.0.2+8 (17.0.2+8, mixed mode, tiered, compressed oops, compressed class ptrs, g1 gc, windows-amd64)
# No core dump will be written. Minidumps are not enabled by default on client versions of Windows
#

---------------  S U M M A R Y ------------

Command Line: -Dfile.encoding=UTF-8 -XX:+ShowCodeDetailsInExceptionMessages manage_cafe.gui.JFrOrder

Host: Intel(R) Core(TM) i5-7300HQ CPU @ 2.50GHz, 4 cores, 7G,  Windows 10 , 64 bit Build 19041 (10.0.19041.1706)
Time: Sat Jun 11 20:49:38 2022 SE Asia Standard Time elapsed time: 983.795029 seconds (0d 0h 16m 23s)

---------------  T H R E A D  ---------------

Current thread (0x0000021466c0ced0):  JavaThread "C1 CompilerThread0" daemon [_thread_in_native, id=34688, stack(0x0000008dd9800000,0x0000008dd9900000)]


Current CompileTask:
C1: 983795  850       3       java.lang.invoke.MethodHandles$Lookup::checkSecurityManager (97 bytes)

Stack: [0x0000008dd9800000,0x0000008dd9900000]
Native frames: (J=compiled Java code, j=interpreted, Vv=VM code, C=native code)
V  [jvm.dll+0x67564a]
V  [jvm.dll+0x82fc04]
V  [jvm.dll+0x8313ae]
V  [jvm.dll+0x831a13]
V  [jvm.dll+0x245235]
V  [jvm.dll+0xabfc0]
V  [jvm.dll+0xac30c]
V  [jvm.dll+0x15d64e]
V  [jvm.dll+0x14ba00]
V  [jvm.dll+0x134697]
V  [jvm.dll+0x13401f]
V  [jvm.dll+0x134256]
V  [jvm.dll+0x1336ea]
V  [jvm.dll+0x1353b1]
V  [jvm.dll+0x226ef8]
V  [jvm.dll+0x22503c]
V  [jvm.dll+0x7e596b]
V  [jvm.dll+0x7dff2a]
V  [jvm.dll+0x6744d5]
C  [ucrtbase.dll+0x21bb2]
C  [KERNEL32.DLL+0x17034]
C  [ntdll.dll+0x52651]


---------------  P R O C E S S  ---------------

Threads class SMR info:
_java_thread_list=0x0000021467d24ec0, length=17, elements={
0x0000021466bd5620, 0x0000021466bd74f0, 0x0000021466c14460, 0x0000021466c15d30,
0x0000021466c1b270, 0x0000021466c09b20, 0x0000021466c0aeb0, 0x0000021466c0ced0,
0x0000021467810060, 0x0000021467989130, 0x00000214679b3f30, 0x0000021467cbaaf0,
0x0000021467cb3f90, 0x0000021467cb4df0, 0x0000021467cb0290, 0x000002144d50c390,
0x0000021467e44770
}

Java Threads: ( => current thread )
  0x0000021466bd5620 JavaThread "Reference Handler" daemon [_thread_blocked, id=26540, stack(0x0000008dd9100000,0x0000008dd9200000)]
  0x0000021466bd74f0 JavaThread "Finalizer" daemon [_thread_blocked, id=32648, stack(0x0000008dd9200000,0x0000008dd9300000)]
  0x0000021466c14460 JavaThread "Signal Dispatcher" daemon [_thread_blocked, id=4408, stack(0x0000008dd9300000,0x0000008dd9400000)]
  0x0000021466c15d30 JavaThread "Attach Listener" daemon [_thread_blocked, id=30000, stack(0x0000008dd9400000,0x0000008dd9500000)]
  0x0000021466c1b270 JavaThread "Service Thread" daemon [_thread_blocked, id=10628, stack(0x0000008dd9500000,0x0000008dd9600000)]
  0x0000021466c09b20 JavaThread "Monitor Deflation Thread" daemon [_thread_blocked, id=25528, stack(0x0000008dd9600000,0x0000008dd9700000)]
  0x0000021466c0aeb0 JavaThread "C2 CompilerThread0" daemon [_thread_blocked, id=30900, stack(0x0000008dd9700000,0x0000008dd9800000)]
=>0x0000021466c0ced0 JavaThread "C1 CompilerThread0" daemon [_thread_in_native, id=34688, stack(0x0000008dd9800000,0x0000008dd9900000)]
  0x0000021467810060 JavaThread "Sweeper thread" daemon [_thread_blocked, id=20704, stack(0x0000008dd9900000,0x0000008dd9a00000)]
  0x0000021467989130 JavaThread "Notification Thread" daemon [_thread_blocked, id=31476, stack(0x0000008dd9a00000,0x0000008dd9b00000)]
  0x00000214679b3f30 JavaThread "Common-Cleaner" daemon [_thread_blocked, id=28284, stack(0x0000008dd9c00000,0x0000008dd9d00000)]
  0x0000021467cbaaf0 JavaThread "Java2D Disposer" daemon [_thread_blocked, id=29160, stack(0x0000008dd9d00000,0x0000008dd9e00000)]
  0x0000021467cb3f90 JavaThread "AWT-Shutdown" [_thread_blocked, id=24988, stack(0x0000008dd9e00000,0x0000008dd9f00000)]
  0x0000021467cb4df0 JavaThread "AWT-Windows" daemon [_thread_in_native, id=2728, stack(0x0000008dd9f00000,0x0000008dda000000)]
  0x0000021467cb0290 JavaThread "AWT-EventQueue-0" [_thread_blocked, id=32272, stack(0x0000008dda000000,0x0000008dda100000)]
  0x000002144d50c390 JavaThread "DestroyJavaVM" [_thread_blocked, id=35716, stack(0x0000008dd8a00000,0x0000008dd8b00000)]
  0x0000021467e44770 JavaThread "TimerQueue" daemon [_thread_blocked, id=23708, stack(0x0000008dda100000,0x0000008dda200000)]

Other Threads:
  0x0000021466bbe040 VMThread "VM Thread" [stack: 0x0000008dd9000000,0x0000008dd9100000] [id=25200]
  0x00000214679ae850 WatcherThread [stack: 0x0000008dd9b00000,0x0000008dd9c00000] [id=34480]
  0x000002144d54bc10 GCTaskThread "GC Thread#0" [stack: 0x0000008dd8b00000,0x0000008dd8c00000] [id=30456]
  0x000002144d55c6f0 ConcurrentGCThread "G1 Main Marker" [stack: 0x0000008dd8c00000,0x0000008dd8d00000] [id=31592]
  0x000002144d55e900 ConcurrentGCThread "G1 Conc#0" [stack: 0x0000008dd8d00000,0x0000008dd8e00000] [id=25628]
  0x000002144d5d5c60 ConcurrentGCThread "G1 Refine#0" [stack: 0x0000008dd8e00000,0x0000008dd8f00000] [id=21132]
  0x000002144d5d6590 ConcurrentGCThread "G1 Service" [stack: 0x0000008dd8f00000,0x0000008dd9000000] [id=13308]

Threads with active compile tasks:
C1 CompilerThread0   983833  850       3       java.lang.invoke.MethodHandles$Lookup::checkSecurityManager (97 bytes)

VM state: not at safepoint (normal execution)

VM Mutex/Monitor currently owned by a thread: None

Heap address: 0x0000000081c00000, size: 2020 MB, Compressed Oops mode: 32-bit

CDS archive(s) not mapped
Compressed class space mapped at: 0x0000000100000000-0x0000000140000000, reserved size: 1073741824
Narrow klass base: 0x0000000000000000, Narrow klass shift: 3, Narrow klass range: 0x140000000

GC Precious Log:
 CPUs: 4 total, 4 available
 Memory: 8076M
 Large Page Support: Disabled
 NUMA Support: Disabled
 Compressed Oops: Enabled (32-bit)
 Heap Region Size: 1M
 Heap Min Capacity: 8M
 Heap Initial Capacity: 128M
 Heap Max Capacity: 2020M
 Pre-touch: Disabled
 Parallel Workers: 4
 Concurrent Workers: 1
 Concurrent Refinement Workers: 4
 Periodic GC: Disabled

Heap:
 garbage-first heap   total 131072K, used 8192K [0x0000000081c00000, 0x0000000100000000)
  region size 1024K, 7 young (7168K), 0 survivors (0K)
 Metaspace       used 15178K, committed 15360K, reserved 1064960K
  class space    used 1625K, committed 1728K, reserved 1048576K

Heap Regions: E=young(eden), S=young(survivor), O=old, HS=humongous(starts), HC=humongous(continues), CS=collection set, F=free, OA=open archive, CA=closed archive, TAMS=top-at-mark-start (previous, next)
|   0|0x0000000081c00000, 0x0000000081d00000, 0x0000000081d00000|100%|HS|  |TAMS 0x0000000081c00000, 0x0000000081c00000| Complete 
|   1|0x0000000081d00000, 0x0000000081e00000, 0x0000000081e00000|100%|HC|  |TAMS 0x0000000081d00000, 0x0000000081d00000| Complete 
|   2|0x0000000081e00000, 0x0000000081e00000, 0x0000000081f00000|  0%| F|  |TAMS 0x0000000081e00000, 0x0000000081e00000| Untracked 
|   3|0x0000000081f00000, 0x0000000081f00000, 0x0000000082000000|  0%| F|  |TAMS 0x0000000081f00000, 0x0000000081f00000| Untracked 
|   4|0x0000000082000000, 0x0000000082000000, 0x0000000082100000|  0%| F|  |TAMS 0x0000000082000000, 0x0000000082000000| Untracked 
|   5|0x0000000082100000, 0x0000000082100000, 0x0000000082200000|  0%| F|  |TAMS 0x0000000082100000, 0x0000000082100000| Untracked 
|   6|0x0000000082200000, 0x0000000082200000, 0x0000000082300000|  0%| F|  |TAMS 0x0000000082200000, 0x0000000082200000| Untracked 
|   7|0x0000000082300000, 0x0000000082300000, 0x0000000082400000|  0%| F|  |TAMS 0x0000000082300000, 0x0000000082300000| Untracked 
|   8|0x0000000082400000, 0x0000000082400000, 0x0000000082500000|  0%| F|  |TAMS 0x0000000082400000, 0x0000000082400000| Untracked 
|   9|0x0000000082500000, 0x0000000082500000, 0x0000000082600000|  0%| F|  |TAMS 0x0000000082500000, 0x0000000082500000| Untracked 
|  10|0x0000000082600000, 0x0000000082600000, 0x0000000082700000|  0%| F|  |TAMS 0x0000000082600000, 0x0000000082600000| Untracked 
|  11|0x0000000082700000, 0x0000000082700000, 0x0000000082800000|  0%| F|  |TAMS 0x0000000082700000, 0x0000000082700000| Untracked 
|  12|0x0000000082800000, 0x0000000082800000, 0x0000000082900000|  0%| F|  |TAMS 0x0000000082800000, 0x0000000082800000| Untracked 
|  13|0x0000000082900000, 0x0000000082900000, 0x0000000082a00000|  0%| F|  |TAMS 0x0000000082900000, 0x0000000082900000| Untracked 
|  14|0x0000000082a00000, 0x0000000082a00000, 0x0000000082b00000|  0%| F|  |TAMS 0x0000000082a00000, 0x0000000082a00000| Untracked 
|  15|0x0000000082b00000, 0x0000000082b00000, 0x0000000082c00000|  0%| F|  |TAMS 0x0000000082b00000, 0x0000000082b00000| Untracked 
|  16|0x0000000082c00000, 0x0000000082c00000, 0x0000000082d00000|  0%| F|  |TAMS 0x0000000082c00000, 0x0000000082c00000| Untracked 
|  17|0x0000000082d00000, 0x0000000082d00000, 0x0000000082e00000|  0%| F|  |TAMS 0x0000000082d00000, 0x0000000082d00000| Untracked 
|  18|0x0000000082e00000, 0x0000000082e00000, 0x0000000082f00000|  0%| F|  |TAMS 0x0000000082e00000, 0x0000000082e00000| Untracked 
|  19|0x0000000082f00000, 0x0000000082f00000, 0x0000000083000000|  0%| F|  |TAMS 0x0000000082f00000, 0x0000000082f00000| Untracked 
|  20|0x0000000083000000, 0x0000000083000000, 0x0000000083100000|  0%| F|  |TAMS 0x0000000083000000, 0x0000000083000000| Untracked 
|  21|0x0000000083100000, 0x0000000083100000, 0x0000000083200000|  0%| F|  |TAMS 0x0000000083100000, 0x0000000083100000| Untracked 
|  22|0x0000000083200000, 0x0000000083200000, 0x0000000083300000|  0%| F|  |TAMS 0x0000000083200000, 0x0000000083200000| Untracked 
|  23|0x0000000083300000, 0x0000000083300000, 0x0000000083400000|  0%| F|  |TAMS 0x0000000083300000, 0x0000000083300000| Untracked 
|  24|0x0000000083400000, 0x0000000083400000, 0x0000000083500000|  0%| F|  |TAMS 0x0000000083400000, 0x0000000083400000| Untracked 
|  25|0x0000000083500000, 0x0000000083500000, 0x0000000083600000|  0%| F|  |TAMS 0x0000000083500000, 0x0000000083500000| Untracked 
|  26|0x0000000083600000, 0x0000000083600000, 0x0000000083700000|  0%| F|  |TAMS 0x0000000083600000, 0x0000000083600000| Untracked 
|  27|0x0000000083700000, 0x0000000083700000, 0x0000000083800000|  0%| F|  |TAMS 0x0000000083700000, 0x0000000083700000| Untracked 
|  28|0x0000000083800000, 0x0000000083800000, 0x0000000083900000|  0%| F|  |TAMS 0x0000000083800000, 0x0000000083800000| Untracked 
|  29|0x0000000083900000, 0x0000000083900000, 0x0000000083a00000|  0%| F|  |TAMS 0x0000000083900000, 0x0000000083900000| Untracked 
|  30|0x0000000083a00000, 0x0000000083a00000, 0x0000000083b00000|  0%| F|  |TAMS 0x0000000083a00000, 0x0000000083a00000| Untracked 
|  31|0x0000000083b00000, 0x0000000083b00000, 0x0000000083c00000|  0%| F|  |TAMS 0x0000000083b00000, 0x0000000083b00000| Untracked 
|  32|0x0000000083c00000, 0x0000000083c00000, 0x0000000083d00000|  0%| F|  |TAMS 0x0000000083c00000, 0x0000000083c00000| Untracked 
|  33|0x0000000083d00000, 0x0000000083d00000, 0x0000000083e00000|  0%| F|  |TAMS 0x0000000083d00000, 0x0000000083d00000| Untracked 
|  34|0x0000000083e00000, 0x0000000083e00000, 0x0000000083f00000|  0%| F|  |TAMS 0x0000000083e00000, 0x0000000083e00000| Untracked 
|  35|0x0000000083f00000, 0x0000000083f00000, 0x0000000084000000|  0%| F|  |TAMS 0x0000000083f00000, 0x0000000083f00000| Untracked 
|  36|0x0000000084000000, 0x0000000084000000, 0x0000000084100000|  0%| F|  |TAMS 0x0000000084000000, 0x0000000084000000| Untracked 
|  37|0x0000000084100000, 0x0000000084100000, 0x0000000084200000|  0%| F|  |TAMS 0x0000000084100000, 0x0000000084100000| Untracked 
|  38|0x0000000084200000, 0x0000000084200000, 0x0000000084300000|  0%| F|  |TAMS 0x0000000084200000, 0x0000000084200000| Untracked 
|  39|0x0000000084300000, 0x0000000084300000, 0x0000000084400000|  0%| F|  |TAMS 0x0000000084300000, 0x0000000084300000| Untracked 
|  40|0x0000000084400000, 0x0000000084400000, 0x0000000084500000|  0%| F|  |TAMS 0x0000000084400000, 0x0000000084400000| Untracked 
|  41|0x0000000084500000, 0x0000000084500000, 0x0000000084600000|  0%| F|  |TAMS 0x0000000084500000, 0x0000000084500000| Untracked 
|  42|0x0000000084600000, 0x0000000084600000, 0x0000000084700000|  0%| F|  |TAMS 0x0000000084600000, 0x0000000084600000| Untracked 
|  43|0x0000000084700000, 0x0000000084700000, 0x0000000084800000|  0%| F|  |TAMS 0x0000000084700000, 0x0000000084700000| Untracked 
|  44|0x0000000084800000, 0x0000000084800000, 0x0000000084900000|  0%| F|  |TAMS 0x0000000084800000, 0x0000000084800000| Untracked 
|  45|0x0000000084900000, 0x0000000084900000, 0x0000000084a00000|  0%| F|  |TAMS 0x0000000084900000, 0x0000000084900000| Untracked 
|  46|0x0000000084a00000, 0x0000000084a00000, 0x0000000084b00000|  0%| F|  |TAMS 0x0000000084a00000, 0x0000000084a00000| Untracked 
|  47|0x0000000084b00000, 0x0000000084b00000, 0x0000000084c00000|  0%| F|  |TAMS 0x0000000084b00000, 0x0000000084b00000| Untracked 
|  48|0x0000000084c00000, 0x0000000084c00000, 0x0000000084d00000|  0%| F|  |TAMS 0x0000000084c00000, 0x0000000084c00000| Untracked 
|  49|0x0000000084d00000, 0x0000000084d00000, 0x0000000084e00000|  0%| F|  |TAMS 0x0000000084d00000, 0x0000000084d00000| Untracked 
|  50|0x0000000084e00000, 0x0000000084e00000, 0x0000000084f00000|  0%| F|  |TAMS 0x0000000084e00000, 0x0000000084e00000| Untracked 
|  51|0x0000000084f00000, 0x0000000084f00000, 0x0000000085000000|  0%| F|  |TAMS 0x0000000084f00000, 0x0000000084f00000| Untracked 
|  52|0x0000000085000000, 0x0000000085000000, 0x0000000085100000|  0%| F|  |TAMS 0x0000000085000000, 0x0000000085000000| Untracked 
|  53|0x0000000085100000, 0x0000000085100000, 0x0000000085200000|  0%| F|  |TAMS 0x0000000085100000, 0x0000000085100000| Untracked 
|  54|0x0000000085200000, 0x0000000085200000, 0x0000000085300000|  0%| F|  |TAMS 0x0000000085200000, 0x0000000085200000| Untracked 
|  55|0x0000000085300000, 0x0000000085300000, 0x0000000085400000|  0%| F|  |TAMS 0x0000000085300000, 0x0000000085300000| Untracked 
|  56|0x0000000085400000, 0x0000000085400000, 0x0000000085500000|  0%| F|  |TAMS 0x0000000085400000, 0x0000000085400000| Untracked 
|  57|0x0000000085500000, 0x0000000085500000, 0x0000000085600000|  0%| F|  |TAMS 0x0000000085500000, 0x0000000085500000| Untracked 
|  58|0x0000000085600000, 0x0000000085600000, 0x0000000085700000|  0%| F|  |TAMS 0x0000000085600000, 0x0000000085600000| Untracked 
|  59|0x0000000085700000, 0x0000000085700000, 0x0000000085800000|  0%| F|  |TAMS 0x0000000085700000, 0x0000000085700000| Untracked 
|  60|0x0000000085800000, 0x0000000085800000, 0x0000000085900000|  0%| F|  |TAMS 0x0000000085800000, 0x0000000085800000| Untracked 
|  61|0x0000000085900000, 0x0000000085900000, 0x0000000085a00000|  0%| F|  |TAMS 0x0000000085900000, 0x0000000085900000| Untracked 
|  62|0x0000000085a00000, 0x0000000085a00000, 0x0000000085b00000|  0%| F|  |TAMS 0x0000000085a00000, 0x0000000085a00000| Untracked 
|  63|0x0000000085b00000, 0x0000000085b00000, 0x0000000085c00000|  0%| F|  |TAMS 0x0000000085b00000, 0x0000000085b00000| Untracked 
|  64|0x0000000085c00000, 0x0000000085c00000, 0x0000000085d00000|  0%| F|  |TAMS 0x0000000085c00000, 0x0000000085c00000| Untracked 
|  65|0x0000000085d00000, 0x0000000085d00000, 0x0000000085e00000|  0%| F|  |TAMS 0x0000000085d00000, 0x0000000085d00000| Untracked 
|  66|0x0000000085e00000, 0x0000000085e00000, 0x0000000085f00000|  0%| F|  |TAMS 0x0000000085e00000, 0x0000000085e00000| Untracked 
|  67|0x0000000085f00000, 0x0000000085f00000, 0x0000000086000000|  0%| F|  |TAMS 0x0000000085f00000, 0x0000000085f00000| Untracked 
|  68|0x0000000086000000, 0x0000000086000000, 0x0000000086100000|  0%| F|  |TAMS 0x0000000086000000, 0x0000000086000000| Untracked 
|  69|0x0000000086100000, 0x0000000086100000, 0x0000000086200000|  0%| F|  |TAMS 0x0000000086100000, 0x0000000086100000| Untracked 
|  70|0x0000000086200000, 0x0000000086200000, 0x0000000086300000|  0%| F|  |TAMS 0x0000000086200000, 0x0000000086200000| Untracked 
|  71|0x0000000086300000, 0x0000000086300000, 0x0000000086400000|  0%| F|  |TAMS 0x0000000086300000, 0x0000000086300000| Untracked 
|  72|0x0000000086400000, 0x0000000086400000, 0x0000000086500000|  0%| F|  |TAMS 0x0000000086400000, 0x0000000086400000| Untracked 
|  73|0x0000000086500000, 0x0000000086500000, 0x0000000086600000|  0%| F|  |TAMS 0x0000000086500000, 0x0000000086500000| Untracked 
|  74|0x0000000086600000, 0x0000000086600000, 0x0000000086700000|  0%| F|  |TAMS 0x0000000086600000, 0x0000000086600000| Untracked 
|  75|0x0000000086700000, 0x0000000086700000, 0x0000000086800000|  0%| F|  |TAMS 0x0000000086700000, 0x0000000086700000| Untracked 
|  76|0x0000000086800000, 0x0000000086800000, 0x0000000086900000|  0%| F|  |TAMS 0x0000000086800000, 0x0000000086800000| Untracked 
|  77|0x0000000086900000, 0x0000000086900000, 0x0000000086a00000|  0%| F|  |TAMS 0x0000000086900000, 0x0000000086900000| Untracked 
|  78|0x0000000086a00000, 0x0000000086a00000, 0x0000000086b00000|  0%| F|  |TAMS 0x0000000086a00000, 0x0000000086a00000| Untracked 
|  79|0x0000000086b00000, 0x0000000086b00000, 0x0000000086c00000|  0%| F|  |TAMS 0x0000000086b00000, 0x0000000086b00000| Untracked 
|  80|0x0000000086c00000, 0x0000000086c00000, 0x0000000086d00000|  0%| F|  |TAMS 0x0000000086c00000, 0x0000000086c00000| Untracked 
|  81|0x0000000086d00000, 0x0000000086d00000, 0x0000000086e00000|  0%| F|  |TAMS 0x0000000086d00000, 0x0000000086d00000| Untracked 
|  82|0x0000000086e00000, 0x0000000086e00000, 0x0000000086f00000|  0%| F|  |TAMS 0x0000000086e00000, 0x0000000086e00000| Untracked 
|  83|0x0000000086f00000, 0x0000000086f00000, 0x0000000087000000|  0%| F|  |TAMS 0x0000000086f00000, 0x0000000086f00000| Untracked 
|  84|0x0000000087000000, 0x0000000087000000, 0x0000000087100000|  0%| F|  |TAMS 0x0000000087000000, 0x0000000087000000| Untracked 
|  85|0x0000000087100000, 0x0000000087100000, 0x0000000087200000|  0%| F|  |TAMS 0x0000000087100000, 0x0000000087100000| Untracked 
|  86|0x0000000087200000, 0x0000000087200000, 0x0000000087300000|  0%| F|  |TAMS 0x0000000087200000, 0x0000000087200000| Untracked 
|  87|0x0000000087300000, 0x0000000087300000, 0x0000000087400000|  0%| F|  |TAMS 0x0000000087300000, 0x0000000087300000| Untracked 
|  88|0x0000000087400000, 0x0000000087400000, 0x0000000087500000|  0%| F|  |TAMS 0x0000000087400000, 0x0000000087400000| Untracked 
|  89|0x0000000087500000, 0x0000000087500000, 0x0000000087600000|  0%| F|  |TAMS 0x0000000087500000, 0x0000000087500000| Untracked 
|  90|0x0000000087600000, 0x0000000087600000, 0x0000000087700000|  0%| F|  |TAMS 0x0000000087600000, 0x0000000087600000| Untracked 
|  91|0x0000000087700000, 0x0000000087700000, 0x0000000087800000|  0%| F|  |TAMS 0x0000000087700000, 0x0000000087700000| Untracked 
|  92|0x0000000087800000, 0x0000000087800000, 0x0000000087900000|  0%| F|  |TAMS 0x0000000087800000, 0x0000000087800000| Untracked 
|  93|0x0000000087900000, 0x0000000087900000, 0x0000000087a00000|  0%| F|  |TAMS 0x0000000087900000, 0x0000000087900000| Untracked 
|  94|0x0000000087a00000, 0x0000000087a00000, 0x0000000087b00000|  0%| F|  |TAMS 0x0000000087a00000, 0x0000000087a00000| Untracked 
|  95|0x0000000087b00000, 0x0000000087b00000, 0x0000000087c00000|  0%| F|  |TAMS 0x0000000087b00000, 0x0000000087b00000| Untracked 
|  96|0x0000000087c00000, 0x0000000087c00000, 0x0000000087d00000|  0%| F|  |TAMS 0x0000000087c00000, 0x0000000087c00000| Untracked 
|  97|0x0000000087d00000, 0x0000000087d00000, 0x0000000087e00000|  0%| F|  |TAMS 0x0000000087d00000, 0x0000000087d00000| Untracked 
|  98|0x0000000087e00000, 0x0000000087e00000, 0x0000000087f00000|  0%| F|  |TAMS 0x0000000087e00000, 0x0000000087e00000| Untracked 
|  99|0x0000000087f00000, 0x0000000087f00000, 0x0000000088000000|  0%| F|  |TAMS 0x0000000087f00000, 0x0000000087f00000| Untracked 
| 100|0x0000000088000000, 0x0000000088000000, 0x0000000088100000|  0%| F|  |TAMS 0x0000000088000000, 0x0000000088000000| Untracked 
| 101|0x0000000088100000, 0x0000000088100000, 0x0000000088200000|  0%| F|  |TAMS 0x0000000088100000, 0x0000000088100000| Untracked 
| 102|0x0000000088200000, 0x0000000088200000, 0x0000000088300000|  0%| F|  |TAMS 0x0000000088200000, 0x0000000088200000| Untracked 
| 103|0x0000000088300000, 0x0000000088300000, 0x0000000088400000|  0%| F|  |TAMS 0x0000000088300000, 0x0000000088300000| Untracked 
| 104|0x0000000088400000, 0x0000000088400000, 0x0000000088500000|  0%| F|  |TAMS 0x0000000088400000, 0x0000000088400000| Untracked 
| 105|0x0000000088500000, 0x0000000088500000, 0x0000000088600000|  0%| F|  |TAMS 0x0000000088500000, 0x0000000088500000| Untracked 
| 106|0x0000000088600000, 0x0000000088600000, 0x0000000088700000|  0%| F|  |TAMS 0x0000000088600000, 0x0000000088600000| Untracked 
| 107|0x0000000088700000, 0x0000000088700000, 0x0000000088800000|  0%| F|  |TAMS 0x0000000088700000, 0x0000000088700000| Untracked 
| 108|0x0000000088800000, 0x0000000088800000, 0x0000000088900000|  0%| F|  |TAMS 0x0000000088800000, 0x0000000088800000| Untracked 
| 109|0x0000000088900000, 0x0000000088900000, 0x0000000088a00000|  0%| F|  |TAMS 0x0000000088900000, 0x0000000088900000| Untracked 
| 110|0x0000000088a00000, 0x0000000088a00000, 0x0000000088b00000|  0%| F|  |TAMS 0x0000000088a00000, 0x0000000088a00000| Untracked 
| 111|0x0000000088b00000, 0x0000000088b00000, 0x0000000088c00000|  0%| F|  |TAMS 0x0000000088b00000, 0x0000000088b00000| Untracked 
| 112|0x0000000088c00000, 0x0000000088c00000, 0x0000000088d00000|  0%| F|  |TAMS 0x0000000088c00000, 0x0000000088c00000| Untracked 
| 113|0x0000000088d00000, 0x0000000088d00000, 0x0000000088e00000|  0%| F|  |TAMS 0x0000000088d00000, 0x0000000088d00000| Untracked 
| 114|0x0000000088e00000, 0x0000000088e00000, 0x0000000088f00000|  0%| F|  |TAMS 0x0000000088e00000, 0x0000000088e00000| Untracked 
| 115|0x0000000088f00000, 0x0000000088f00000, 0x0000000089000000|  0%| F|  |TAMS 0x0000000088f00000, 0x0000000088f00000| Untracked 
| 116|0x0000000089000000, 0x0000000089000000, 0x0000000089100000|  0%| F|  |TAMS 0x0000000089000000, 0x0000000089000000| Untracked 
| 117|0x0000000089100000, 0x0000000089100000, 0x0000000089200000|  0%| F|  |TAMS 0x0000000089100000, 0x0000000089100000| Untracked 
| 118|0x0000000089200000, 0x0000000089200000, 0x0000000089300000|  0%| F|  |TAMS 0x0000000089200000, 0x0000000089200000| Untracked 
| 119|0x0000000089300000, 0x0000000089300000, 0x0000000089400000|  0%| F|  |TAMS 0x0000000089300000, 0x0000000089300000| Untracked 
| 120|0x0000000089400000, 0x0000000089400000, 0x0000000089500000|  0%| F|  |TAMS 0x0000000089400000, 0x0000000089400000| Untracked 
| 121|0x0000000089500000, 0x0000000089588050, 0x0000000089600000| 53%| E|  |TAMS 0x0000000089500000, 0x0000000089500000| Complete 
| 122|0x0000000089600000, 0x0000000089700000, 0x0000000089700000|100%| E|CS|TAMS 0x0000000089600000, 0x0000000089600000| Complete 
| 123|0x0000000089700000, 0x0000000089800000, 0x0000000089800000|100%| E|CS|TAMS 0x0000000089700000, 0x0000000089700000| Complete 
| 124|0x0000000089800000, 0x0000000089900000, 0x0000000089900000|100%| E|CS|TAMS 0x0000000089800000, 0x0000000089800000| Complete 
| 125|0x0000000089900000, 0x0000000089a00000, 0x0000000089a00000|100%| E|CS|TAMS 0x0000000089900000, 0x0000000089900000| Complete 
| 126|0x0000000089a00000, 0x0000000089b00000, 0x0000000089b00000|100%| E|CS|TAMS 0x0000000089a00000, 0x0000000089a00000| Complete 
| 127|0x0000000089b00000, 0x0000000089c00000, 0x0000000089c00000|100%| E|CS|TAMS 0x0000000089b00000, 0x0000000089b00000| Complete 

Card table byte_map: [0x000002145ffd0000,0x00000214603d0000] _byte_map_base: 0x000002145fbc2000

Marking Bits (Prev, Next): (CMBitMap*) 0x000002144d54c140, (CMBitMap*) 0x000002144d54c180
 Prev Bits: [0x00000214607d0000, 0x0000021462760000)
 Next Bits: [0x0000021462760000, 0x00000214646f0000)

Polling page: 0x000002144b3f0000

Metaspace:

Usage:
  Non-class:     13.23 MB used.
      Class:      1.59 MB used.
       Both:     14.82 MB used.

Virtual space:
  Non-class space:       16.00 MB reserved,      13.31 MB ( 83%) committed,  2 nodes.
      Class space:        1.00 GB reserved,       1.69 MB ( <1%) committed,  1 nodes.
             Both:        1.02 GB reserved,      15.00 MB (  1%) committed. 

Chunk freelists:
   Non-Class:  2.47 MB
       Class:  2.23 MB
        Both:  4.70 MB

MaxMetaspaceSize: unlimited
CompressedClassSpaceSize: 1.00 GB
Initial GC threshold: 21.00 MB
Current GC threshold: 21.00 MB
CDS: off
MetaspaceReclaimPolicy: balanced
 - commit_granule_bytes: 65536.
 - commit_granule_words: 8192.
 - virtual_space_node_default_size: 1048576.
 - enlarge_chunks_in_place: 1.
 - new_chunks_are_fully_committed: 0.
 - uncommit_free_chunks: 1.
 - use_allocation_guard: 0.
 - handle_deallocations: 1.


Internal statistics:

num_allocs_failed_limit: 0.
num_arena_births: 112.
num_arena_deaths: 0.
num_vsnodes_births: 3.
num_vsnodes_deaths: 0.
num_space_committed: 240.
num_space_uncommitted: 0.
num_chunks_returned_to_freelist: 0.
num_chunks_taken_from_freelist: 190.
num_chunk_merges: 0.
num_chunk_splits: 92.
num_chunks_enlarged: 31.
num_purges: 0.
num_inconsistent_stats: 0.

CodeHeap 'non-profiled nmethods': size=120000Kb used=232Kb max_used=232Kb free=119767Kb
 bounds [0x00000214586a0000, 0x0000021458910000, 0x000002145fbd0000]
CodeHeap 'profiled nmethods': size=120000Kb used=1181Kb max_used=1181Kb free=118818Kb
 bounds [0x0000021451170000, 0x00000214513e0000, 0x00000214586a0000]
CodeHeap 'non-nmethods': size=5760Kb used=1257Kb max_used=1272Kb free=4502Kb
 bounds [0x0000021450bd0000, 0x0000021450e40000, 0x0000021451170000]
 total_blobs=1430 nmethods=849 adapters=494
 compilation: enabled
              stopped_count=0, restarted_count=0
 full_count=0

Compilation events (20 events):
Event: 0.638 Thread 0x0000021466c0ced0 nmethod 839 0x0000021451293090 code [0x0000021451293280, 0x00000214512936e8]
Event: 0.639 Thread 0x0000021466c0ced0  840       1       java.awt.geom.Rectangle2D$Double::getWidth (5 bytes)
Event: 0.639 Thread 0x0000021466c0ced0 nmethod 840 0x00000214586d9190 code [0x00000214586d9320, 0x00000214586d93f8]
Event: 0.639 Thread 0x0000021466c0ced0  841       1       java.awt.geom.Rectangle2D$Double::getHeight (5 bytes)
Event: 0.639 Thread 0x0000021466c0ced0 nmethod 841 0x00000214586d9910 code [0x00000214586d9aa0, 0x00000214586d9b78]
Event: 0.639 Thread 0x0000021466c0ced0  843       1       sun.awt.image.VolatileSurfaceManager::getPrimarySurfaceData (5 bytes)
Event: 0.639 Thread 0x0000021466c0ced0 nmethod 843 0x00000214586d9c10 code [0x00000214586d9da0, 0x00000214586d9e78]
Event: 0.639 Thread 0x0000021466c0ced0  844  s    3       java.awt.KeyboardFocusManager::getCurrentKeyboardFocusManager (32 bytes)
Event: 0.640 Thread 0x0000021466c0ced0 nmethod 844 0x0000021451293890 code [0x0000021451293a60, 0x0000021451293e48]
Event: 0.640 Thread 0x0000021466c0ced0  845       3       java.awt.KeyboardFocusManager::getCurrentKeyboardFocusManager (7 bytes)
Event: 0.640 Thread 0x0000021466c0ced0 nmethod 845 0x0000021451293f90 code [0x0000021451294180, 0x0000021451294638]
Event: 0.648 Thread 0x0000021466c0ced0  846       3       java.awt.geom.AffineTransform::transform (635 bytes)
Event: 0.649 Thread 0x0000021466c0ced0 nmethod 846 0x0000021451294890 code [0x0000021451294b60, 0x0000021451295e48]
Event: 0.649 Thread 0x0000021466c0ced0  848       3       java.awt.geom.AffineTransform::<init> (15 bytes)
Event: 0.649 Thread 0x0000021466c0ced0 nmethod 848 0x0000021451296810 code [0x00000214512969a0, 0x0000021451296b18]
Event: 0.649 Thread 0x0000021466c0ced0  847       3       java.awt.Container::adjustListeningChildren (109 bytes)
Event: 0.650 Thread 0x0000021466c0ced0 nmethod 847 0x0000021451296c10 code [0x0000021451296e20, 0x0000021451297568]
Event: 1.552 Thread 0x0000021466c0aeb0  849       4       java.awt.Component::getTreeLock (4 bytes)
Event: 1.553 Thread 0x0000021466c0aeb0 nmethod 849 0x00000214586d9f10 code [0x00000214586da080, 0x00000214586da0f8]
Event: 983.793 Thread 0x0000021466c0ced0  850       3       java.lang.invoke.MethodHandles$Lookup::checkSecurityManager (97 bytes)

GC Heap History (0 events):
No events

Deoptimization events (2 events):
Event: 0.420 Thread 0x0000021467cb0290 DEOPT PACKING pc=0x0000021451186067 sp=0x0000008dda0fc6d0
Event: 0.420 Thread 0x0000021467cb0290 DEOPT UNPACKING pc=0x0000021450c22b43 sp=0x0000008dda0fbaf0 mode 0

Classes unloaded (0 events):
No events

Classes redefined (0 events):
No events

Internal exceptions (12 events):
Event: 0.172 Thread 0x000002144d50c390 Exception <a 'java/lang/ClassNotFoundException'{0x0000000089a3a3d8}: sun/awt/resources/spi/awtProvider> (0x0000000089a3a3d8) 
thrown [e:\jenkins\tmp\workspace\build\src\src\hotspot\share\classfile\systemDictionary.cpp, line 256]
Event: 0.199 Thread 0x000002144d50c390 Exception <a 'java/io/FileNotFoundException'{0x0000000089a957c0}> (0x0000000089a957c0) 
thrown [e:\jenkins\tmp\workspace\build\src\src\hotspot\share\prims\jni.cpp, line 516]
Event: 0.205 Thread 0x000002144d50c390 Exception <a 'java/io/FileNotFoundException'{0x0000000089ac27a8}> (0x0000000089ac27a8) 
thrown [e:\jenkins\tmp\workspace\build\src\src\hotspot\share\prims\jni.cpp, line 516]
Event: 0.240 Thread 0x000002144d50c390 Exception <a 'java/lang/NoSuchMethodError'{0x0000000089af8fd0}: 'java.lang.Object java.lang.invoke.DirectMethodHandle$Holder.invokeStaticInit(java.lang.Object)'> (0x0000000089af8fd0) 
thrown [e:\jenkins\tmp\workspace\build\src\src\hotspot\share\interpreter\linkResolver.cpp, line 766]
Event: 0.290 Thread 0x0000021467cb0290 Exception <a 'java/lang/NoSuchMethodError'{0x0000000089811798}: 'void java.lang.invoke.DirectMethodHandle$Holder.invokeSpecial(java.lang.Object, java.lang.Object, java.lang.Object)'> (0x0000000089811798) 
thrown [e:\jenkins\tmp\workspace\build\src\src\hotspot\share\interpreter\linkResolver.cpp, line 766]
Event: 0.299 Thread 0x0000021467cb0290 Exception <a 'java/lang/NoSuchMethodError'{0x000000008983b868}: 'java.lang.Object java.lang.invoke.DirectMethodHandle$Holder.newInvokeSpecial(java.lang.Object, java.lang.Object, java.lang.Object, java.lang.Object, java.lang.Object)'> (0x000000008983b868) 
thrown [e:\jenkins\tmp\workspace\build\src\src\hotspot\share\interpreter\linkResolver.cpp, line 766]
Event: 0.300 Thread 0x0000021467cb0290 Exception <a 'java/lang/NoSuchMethodError'{0x0000000089847488}: 'java.lang.Object java.lang.invoke.DirectMethodHandle$Holder.invokeStatic(java.lang.Object, int, java.lang.Object, java.lang.Object, java.lang.Object, java.lang.Object)'> (0x0000000089847488) 
thrown [e:\jenkins\tmp\workspace\build\src\src\hotspot\share\interpreter\linkResolver.cpp, line 766]
Event: 0.304 Thread 0x0000021467cb0290 Exception <a 'java/lang/NoSuchMethodError'{0x000000008986cc48}: 'java.lang.Object java.lang.invoke.DirectMethodHandle$Holder.invokeStatic(java.lang.Object, int, java.lang.Object)'> (0x000000008986cc48) 
thrown [e:\jenkins\tmp\workspace\build\src\src\hotspot\share\interpreter\linkResolver.cpp, line 766]
Event: 0.330 Thread 0x0000021467cb0290 Exception <a 'java/lang/ClassNotFoundException'{0x0000000089725198}: com/sun/swing/internal/plaf/metal/resources/spi/metalProvider> (0x0000000089725198) 
thrown [e:\jenkins\tmp\workspace\build\src\src\hotspot\share\classfile\systemDictionary.cpp, line 256]
Event: 0.331 Thread 0x0000021467cb0290 Exception <a 'java/lang/ClassNotFoundException'{0x0000000089729070}: com/sun/swing/internal/plaf/basic/resources/spi/basicProvider> (0x0000000089729070) 
thrown [e:\jenkins\tmp\workspace\build\src\src\hotspot\share\classfile\systemDictionary.cpp, line 256]
Event: 0.475 Thread 0x0000021467cb0290 Exception <a 'java/lang/NoSuchMethodError'{0x0000000089683330}: 'void java.lang.invoke.DirectMethodHandle$Holder.invokeStaticInit(java.lang.Object)'> (0x0000000089683330) 
thrown [e:\jenkins\tmp\workspace\build\src\src\hotspot\share\interpreter\linkResolver.cpp, line 766]
Event: 0.487 Thread 0x0000021467cb4df0 Exception <a 'java/lang/NoSuchMethodError'{0x00000000899529a8}: 'void java.lang.invoke.DirectMethodHandle$Holder.invokeVirtual(java.lang.Object, java.lang.Object)'> (0x00000000899529a8) 
thrown [e:\jenkins\tmp\workspace\build\src\src\hotspot\share\interpreter\linkResolver.cpp, line 766]

VM Operations (16 events):
Event: 0.330 Executing VM operation: HandshakeAllThreads
Event: 0.330 Executing VM operation: HandshakeAllThreads done
Event: 0.343 Executing VM operation: HandshakeAllThreads
Event: 0.343 Executing VM operation: HandshakeAllThreads done
Event: 0.385 Executing VM operation: HandshakeAllThreads
Event: 0.385 Executing VM operation: HandshakeAllThreads done
Event: 0.420 Executing VM operation: HandshakeAllThreads
Event: 0.420 Executing VM operation: HandshakeAllThreads done
Event: 0.579 Executing VM operation: HandshakeAllThreads
Event: 0.579 Executing VM operation: HandshakeAllThreads done
Event: 0.637 Executing VM operation: HandshakeAllThreads
Event: 0.637 Executing VM operation: HandshakeAllThreads done
Event: 0.648 Executing VM operation: HandshakeAllThreads
Event: 0.648 Executing VM operation: HandshakeAllThreads done
Event: 1.647 Executing VM operation: Cleanup
Event: 1.648 Executing VM operation: Cleanup done

Events (20 events):
Event: 0.639 loading class javax/swing/RepaintManager$3
Event: 0.639 loading class javax/swing/RepaintManager$3 done
Event: 0.639 loading class java/awt/KeyboardFocusManager$3
Event: 0.639 loading class java/awt/KeyboardFocusManager$3 done
Event: 0.646 loading class sun/awt/im/CompositionAreaHandler
Event: 0.646 loading class sun/awt/im/CompositionAreaHandler done
Event: 0.647 loading class java/text/AttributedString
Event: 0.647 loading class java/text/AttributedString done
Event: 0.647 loading class java/text/AttributedString$AttributedStringIterator
Event: 0.647 loading class java/text/AttributedCharacterIterator
Event: 0.647 loading class java/text/AttributedCharacterIterator done
Event: 0.647 loading class java/text/AttributedString$AttributedStringIterator done
Event: 0.647 loading class java/awt/TextComponent
Event: 0.648 loading class java/awt/TextComponent done
Event: 1.541 loading class java/util/concurrent/locks/AbstractQueuedSynchronizer$ExclusiveNode
Event: 1.541 loading class java/util/concurrent/locks/AbstractQueuedSynchronizer$ExclusiveNode done
Event: 1.541 loading class java/awt/KeyboardFocusManager$2
Event: 1.541 loading class java/awt/KeyboardFocusManager$2 done
Event: 1.541 loading class sun/awt/SunToolkit$1
Event: 1.541 loading class sun/awt/SunToolkit$1 done


Dynamic libraries:
0x00007ff717230000 - 0x00007ff71723e000 	C:\Users\ROG\.p2\pool\plugins\org.eclipse.justj.openjdk.hotspot.jre.full.win32.x86_64_17.0.2.v20220201-1208\jre\bin\javaw.exe
0x00007ffaaf6d0000 - 0x00007ffaaf8c5000 	C:\Windows\SYSTEM32\ntdll.dll
0x00007ffaae1b0000 - 0x00007ffaae26d000 	C:\Windows\System32\KERNEL32.DLL
0x00007ffaacf70000 - 0x00007ffaad23d000 	C:\Windows\System32\KERNELBASE.dll
0x00007ffaace70000 - 0x00007ffaacf70000 	C:\Windows\System32\ucrtbase.dll
0x00007ffaa5760000 - 0x00007ffaa5778000 	C:\Users\ROG\.p2\pool\plugins\org.eclipse.justj.openjdk.hotspot.jre.full.win32.x86_64_17.0.2.v20220201-1208\jre\bin\jli.dll
0x00007ffaa7470000 - 0x00007ffaa7489000 	C:\Users\ROG\.p2\pool\plugins\org.eclipse.justj.openjdk.hotspot.jre.full.win32.x86_64_17.0.2.v20220201-1208\jre\bin\VCRUNTIME140.dll
0x00007ffaae010000 - 0x00007ffaae1b0000 	C:\Windows\System32\USER32.dll
0x00007ffa95e50000 - 0x00007ffa960ea000 	C:\Windows\WinSxS\amd64_microsoft.windows.common-controls_6595b64144ccf1df_6.0.19041.1110_none_60b5254171f9507e\COMCTL32.dll
0x00007ffaad240000 - 0x00007ffaad262000 	C:\Windows\System32\win32u.dll
0x00007ffaae8d0000 - 0x00007ffaae96e000 	C:\Windows\System32\msvcrt.dll
0x00007ffaadf70000 - 0x00007ffaadf9a000 	C:\Windows\System32\GDI32.dll
0x00007ffaad430000 - 0x00007ffaad53b000 	C:\Windows\System32\gdi32full.dll
0x00007ffaad390000 - 0x00007ffaad42d000 	C:\Windows\System32\msvcp_win.dll
0x00007ffaae810000 - 0x00007ffaae840000 	C:\Windows\System32\IMM32.DLL
0x00007ffaa8cf0000 - 0x00007ffaa8cfc000 	C:\Users\ROG\.p2\pool\plugins\org.eclipse.justj.openjdk.hotspot.jre.full.win32.x86_64_17.0.2.v20220201-1208\jre\bin\vcruntime140_1.dll
0x00007ffaa56c0000 - 0x00007ffaa5751000 	C:\Users\ROG\.p2\pool\plugins\org.eclipse.justj.openjdk.hotspot.jre.full.win32.x86_64_17.0.2.v20220201-1208\jre\bin\msvcp140.dll
0x00007ffa42ac0000 - 0x00007ffa43707000 	C:\Users\ROG\.p2\pool\plugins\org.eclipse.justj.openjdk.hotspot.jre.full.win32.x86_64_17.0.2.v20220201-1208\jre\bin\server\jvm.dll
0x00007ffaaea90000 - 0x00007ffaaeb3e000 	C:\Windows\System32\ADVAPI32.dll
0x00007ffaaeb40000 - 0x00007ffaaebdc000 	C:\Windows\System32\sechost.dll
0x00007ffaaebe0000 - 0x00007ffaaed05000 	C:\Windows\System32\RPCRT4.dll
0x00007ffaae000000 - 0x00007ffaae008000 	C:\Windows\System32\PSAPI.DLL
0x00007ffa99870000 - 0x00007ffa99897000 	C:\Windows\SYSTEM32\WINMM.dll
0x00007ffaa8c60000 - 0x00007ffaa8c69000 	C:\Windows\SYSTEM32\WSOCK32.dll
0x00007ffaaed10000 - 0x00007ffaaed7b000 	C:\Windows\System32\WS2_32.dll
0x00007ffaa4bc0000 - 0x00007ffaa4bca000 	C:\Windows\SYSTEM32\VERSION.dll
0x00007ffaaace0000 - 0x00007ffaaacf2000 	C:\Windows\SYSTEM32\kernel.appcore.dll
0x00007ffaa7510000 - 0x00007ffaa751a000 	C:\Users\ROG\.p2\pool\plugins\org.eclipse.justj.openjdk.hotspot.jre.full.win32.x86_64_17.0.2.v20220201-1208\jre\bin\jimage.dll
0x00007ffa995c0000 - 0x00007ffa997a4000 	C:\Windows\SYSTEM32\DBGHELP.DLL
0x00007ffa90040000 - 0x00007ffa9006c000 	C:\Windows\SYSTEM32\dbgcore.DLL
0x00007ffaacde0000 - 0x00007ffaace62000 	C:\Windows\System32\bcryptPrimitives.dll
0x00007ffaa7270000 - 0x00007ffaa7295000 	C:\Users\ROG\.p2\pool\plugins\org.eclipse.justj.openjdk.hotspot.jre.full.win32.x86_64_17.0.2.v20220201-1208\jre\bin\java.dll
0x00007ffaa7450000 - 0x00007ffaa7468000 	C:\Users\ROG\.p2\pool\plugins\org.eclipse.justj.openjdk.hotspot.jre.full.win32.x86_64_17.0.2.v20220201-1208\jre\bin\zip.dll
0x00007ffaaef30000 - 0x00007ffaaf674000 	C:\Windows\System32\SHELL32.dll
0x00007ffaaaee0000 - 0x00007ffaab674000 	C:\Windows\SYSTEM32\windows.storage.dll
0x00007ffaae4b0000 - 0x00007ffaae804000 	C:\Windows\System32\combase.dll
0x00007ffaac840000 - 0x00007ffaac86c000 	C:\Windows\SYSTEM32\Wldp.dll
0x00007ffaae270000 - 0x00007ffaae31d000 	C:\Windows\System32\SHCORE.dll
0x00007ffaae450000 - 0x00007ffaae4a5000 	C:\Windows\System32\shlwapi.dll
0x00007ffaacd20000 - 0x00007ffaacd3f000 	C:\Windows\SYSTEM32\profapi.dll
0x00007ffa5a410000 - 0x00007ffa5a59e000 	C:\Users\ROG\.p2\pool\plugins\org.eclipse.justj.openjdk.hotspot.jre.full.win32.x86_64_17.0.2.v20220201-1208\jre\bin\awt.dll
0x00007ffaaede0000 - 0x00007ffaaeead000 	C:\Windows\System32\OLEAUT32.dll
0x00007ffaaa620000 - 0x00007ffaaa6b0000 	C:\Windows\SYSTEM32\apphelp.dll
0x00007ffaaa760000 - 0x00007ffaaa7fe000 	C:\Windows\system32\uxtheme.dll
0x00007ffaae970000 - 0x00007ffaaea85000 	C:\Windows\System32\MSCTF.dll
0x00007ffaae320000 - 0x00007ffaae44a000 	C:\Windows\System32\ole32.dll
0x00007ffaaa9f0000 - 0x00007ffaaaa1f000 	C:\Windows\system32\DWMAPI.DLL
0x00007ffa94050000 - 0x00007ffa94176000 	C:\Windows\system32\opengl32.dll
0x00007ffa980a0000 - 0x00007ffa980cc000 	C:\Windows\SYSTEM32\GLU32.dll
0x00007ffa5a380000 - 0x00007ffa5a409000 	C:\Users\ROG\.p2\pool\plugins\org.eclipse.justj.openjdk.hotspot.jre.full.win32.x86_64_17.0.2.v20220201-1208\jre\bin\freetype.dll
0x00007ffa580e0000 - 0x00007ffa58188000 	C:\Users\ROG\.p2\pool\plugins\org.eclipse.justj.openjdk.hotspot.jre.full.win32.x86_64_17.0.2.v20220201-1208\jre\bin\fontmanager.dll
0x00007ffaa7040000 - 0x00007ffaa7059000 	C:\Users\ROG\.p2\pool\plugins\org.eclipse.justj.openjdk.hotspot.jre.full.win32.x86_64_17.0.2.v20220201-1208\jre\bin\net.dll
0x00007ffa9ba70000 - 0x00007ffa9bb7a000 	C:\Windows\SYSTEM32\WINHTTP.dll
0x00007ffaac5a0000 - 0x00007ffaac60a000 	C:\Windows\system32\mswsock.dll
0x00007ffaa5630000 - 0x00007ffaa5645000 	C:\Users\ROG\.p2\pool\plugins\org.eclipse.justj.openjdk.hotspot.jre.full.win32.x86_64_17.0.2.v20220201-1208\jre\bin\nio.dll
0x00007ffaadec0000 - 0x00007ffaadf69000 	C:\Windows\System32\clbcatq.dll
0x00007ffaa6280000 - 0x00007ffaa6434000 	C:\Windows\SYSTEM32\WindowsCodecs.dll
0x00007ffaad540000 - 0x00007ffaad567000 	C:\Windows\System32\bcrypt.dll
0x00007ffa955d0000 - 0x00007ffa9560e000 	C:\Windows\system32\dataexchange.dll
0x00007ffaa9450000 - 0x00007ffaa96b4000 	C:\Windows\system32\d3d11.dll
0x00007ffaa9b20000 - 0x00007ffaa9d05000 	C:\Windows\system32\dcomp.dll
0x00007ffaab6e0000 - 0x00007ffaab7d3000 	C:\Windows\system32\dxgi.dll
0x00007ffaa66b0000 - 0x00007ffaa68b1000 	C:\Windows\system32\twinapi.appcore.dll
0x00007ffaa5da0000 - 0x00007ffaa5e99000 	C:\Windows\SYSTEM32\textinputframework.dll
0x00007ffaaa3f0000 - 0x00007ffaaa4e2000 	C:\Windows\System32\CoreMessaging.dll
0x00007ffaa9d10000 - 0x00007ffaaa06e000 	C:\Windows\System32\CoreUIComponents.dll
0x00007ffaabc00000 - 0x00007ffaabc33000 	C:\Windows\SYSTEM32\ntmarta.dll
0x00007ffaa8d30000 - 0x00007ffaa8e84000 	C:\Windows\SYSTEM32\wintypes.dll

dbghelp: loaded successfully - version: 4.0.5 - missing functions: none
symbol engine: initialized successfully - sym options: 0x614 - pdb path: .;C:\Users\ROG\.p2\pool\plugins\org.eclipse.justj.openjdk.hotspot.jre.full.win32.x86_64_17.0.2.v20220201-1208\jre\bin;C:\Windows\SYSTEM32;C:\Windows\WinSxS\amd64_microsoft.windows.common-controls_6595b64144ccf1df_6.0.19041.1110_none_60b5254171f9507e;C:\Users\ROG\.p2\pool\plugins\org.eclipse.justj.openjdk.hotspot.jre.full.win32.x86_64_17.0.2.v20220201-1208\jre\bin\server

VM Arguments:
jvm_args: -Dfile.encoding=UTF-8 -XX:+ShowCodeDetailsInExceptionMessages 
java_command: manage_cafe.gui.JFrOrder
java_class_path (initial): D:\Hoa Sen University\IT\Lap Trinh Huong Doi Tuong\LAB\Project\Manage cafe\bin
Launcher Type: SUN_STANDARD

[Global flags]
     intx CICompilerCount                          = 3                                         {product} {ergonomic}
     uint ConcGCThreads                            = 1                                         {product} {ergonomic}
     uint G1ConcRefinementThreads                  = 4                                         {product} {ergonomic}
   size_t G1HeapRegionSize                         = 1048576                                   {product} {ergonomic}
    uintx GCDrainStackTargetSize                   = 64                                        {product} {ergonomic}
   size_t InitialHeapSize                          = 134217728                                 {product} {ergonomic}
   size_t MarkStackSize                            = 4194304                                   {product} {ergonomic}
   size_t MaxHeapSize                              = 2118123520                                {product} {ergonomic}
   size_t MaxNewSize                               = 1270874112                                {product} {ergonomic}
   size_t MinHeapDeltaBytes                        = 1048576                                   {product} {ergonomic}
   size_t MinHeapSize                              = 8388608                                   {product} {ergonomic}
    uintx NonNMethodCodeHeapSize                   = 5832780                                {pd product} {ergonomic}
    uintx NonProfiledCodeHeapSize                  = 122912730                              {pd product} {ergonomic}
    uintx ProfiledCodeHeapSize                     = 122912730                              {pd product} {ergonomic}
    uintx ReservedCodeCacheSize                    = 251658240                              {pd product} {ergonomic}
     bool SegmentedCodeCache                       = true                                      {product} {ergonomic}
     bool ShowCodeDetailsInExceptionMessages       = true                                   {manageable} {command line}
   size_t SoftMaxHeapSize                          = 2118123520                             {manageable} {ergonomic}
     bool UseCompressedClassPointers               = true                           {product lp64_product} {ergonomic}
     bool UseCompressedOops                        = true                           {product lp64_product} {ergonomic}
     bool UseG1GC                                  = true                                      {product} {ergonomic}
     bool UseLargePagesIndividualAllocation        = false                                  {pd product} {ergonomic}

Logging:
Log output configuration:
 #0: stdout all=warning uptime,level,tags
 #1: stderr all=off uptime,level,tags

Environment Variables:
JAVA_HOME=C:\Program Files\Java\jre1.8.0_321
PATH=C:/Users/ROG/.p2/pool/plugins/org.eclipse.justj.openjdk.hotspot.jre.full.win32.x86_64_17.0.2.v20220201-1208/jre/bin/server;C:/Users/ROG/.p2/pool/plugins/org.eclipse.justj.openjdk.hotspot.jre.full.win32.x86_64_17.0.2.v20220201-1208/jre/bin;C:\Program Files (x86)\Common Files\Oracle\Java\javapath;C:\Windows\system32;C:\Windows;C:\Windows\System32\Wbem;C:\Windows\System32\WindowsPowerShell\v1.0\;C:\Windows\System32\OpenSSH\;C:\MinGW\bin;C:\Program Files\Microsoft VS Code\bin;C:\Program Files\Java\jre1.8.0_321\bin;;C:\Program Files (x86)\NVIDIA Corporation\PhysX\Common;C:\Program Files\NVIDIA Corporation\NVIDIA NvDLISR;C:\Users\ROG\AppData\Local\Programs\Python\Python310\Scripts\;C:\Users\ROG\AppData\Local\Programs\Python\Python310\;C:\Users\ROG\AppData\Local\Microsoft\WindowsApps;;C:\Windows\System32;
USERNAME=ROG
OS=Windows_NT
PROCESSOR_IDENTIFIER=Intel64 Family 6 Model 158 Stepping 9, GenuineIntel



---------------  S Y S T E M  ---------------

OS:
 Windows 10 , 64 bit Build 19041 (10.0.19041.1706)
OS uptime: 12 days 20:47 hours

CPU: total 4 (initial active 4) (4 cores per cpu, 1 threads per core) family 6 model 158 stepping 9 microcode 0xb4, cx8, cmov, fxsr, mmx, 3dnowpref, sse, sse2, sse3, ssse3, sse4.1, sse4.2, popcnt, lzcnt, tsc, tscinvbit, avx, avx2, aes, erms, clmul, bmi1, bmi2, adx, fma, vzeroupper, clflush, clflushopt

Memory: 4k page, system-wide physical 8076M (1146M free)
TotalPageFile size 32652M (AvailPageFile size 0M)
current process WorkingSet (physical memory assigned to process): 67M, peak: 67M
current process commit charge ("private bytes"): 214M, peak: 215M

vm_info: OpenJDK 64-Bit Server VM (17.0.2+8) for windows-amd64 JRE (17.0.2+8), built on Jan 20 2022 04:52:34 by "" with MS VC++ 16.7 (VS2019)

END.
