#
# There is insufficient memory for the Java Runtime Environment to continue.
# Native memory allocation (malloc) failed to allocate 32744 bytes for ChunkPool::allocate
# Possible reasons:
#   The system is out of physical RAM or swap space
#   The process is running with CompressedOops enabled, and the Java Heap may be blocking the growth of the native heap
# Possible solutions:
#   Reduce memory load on the system
#   Increase physical memory or swap space
#   Check if swap backing store is full
#   Decrease Java heap size (-Xmx/-Xms)
#   Decrease number of Java threads
#   Decrease Java thread stack sizes (-Xss)
#   Set larger code cache with -XX:ReservedCodeCacheSize=
#   JVM is running with Unscaled Compressed Oops mode in which the Java heap is
#     placed in the first 4GB address space. The Java Heap base address is the
#     maximum limit for the native heap growth. Please use -XX:HeapBaseMinAddress
#     to set the Java Heap base and to place the Java Heap above 4GB virtual address.
# This output file may be truncated or incomplete.
#
#  Out of Memory Error (arena.cpp:78), pid=16976, tid=29128
#
# JRE version: OpenJDK Runtime Environment Temurin-17.0.2+8 (17.0.2+8) (build 17.0.2+8)
# Java VM: OpenJDK 64-Bit Server VM Temurin-17.0.2+8 (17.0.2+8, mixed mode, tiered, compressed oops, compressed class ptrs, g1 gc, windows-amd64)
# No core dump will be written. Minidumps are not enabled by default on client versions of Windows
#

---------------  S U M M A R Y ------------

Command Line: -Dfile.encoding=UTF-8 -XX:+ShowCodeDetailsInExceptionMessages manage_cafe.gui.JFrOrder

Host: Intel(R) Core(TM) i5-7300HQ CPU @ 2.50GHz, 4 cores, 7G,  Windows 10 , 64 bit Build 19041 (10.0.19041.1706)
Time: Sat Jun 11 20:49:38 2022 SE Asia Standard Time elapsed time: 1960.851790 seconds (0d 0h 32m 40s)

---------------  T H R E A D  ---------------

Current thread (0x0000015e7ae76f30):  JavaThread "C1 CompilerThread0" daemon [_thread_in_native, id=29128, stack(0x0000005421500000,0x0000005421600000)]


Current CompileTask:
C1:1960851 1003       3      
[error occurred during error reporting (printing current compile task), id 0xe0000001, Out of Memory Error (e:\jenkins\tmp\workspace\build\src\src\hotspot\share\memory\arena.cpp:78)]

Stack: [0x0000005421500000,0x0000005421600000]
Native frames: (J=compiled Java code, j=interpreted, Vv=VM code, C=native code)
V  [jvm.dll+0x67564a]
V  [jvm.dll+0x82fc04]
V  [jvm.dll+0x8313ae]
V  [jvm.dll+0x831a13]
V  [jvm.dll+0x245235]
V  [jvm.dll+0xabfc0]
V  [jvm.dll+0xac30c]
V  [jvm.dll+0x79d6ac]
V  [jvm.dll+0x79d799]
V  [jvm.dll+0x6294a9]
V  [jvm.dll+0x22b886]
V  [jvm.dll+0x22be07]
V  [jvm.dll+0x82fa9a]
V  [jvm.dll+0x8313ae]
V  [jvm.dll+0x831a13]
V  [jvm.dll+0x245235]
V  [jvm.dll+0xabfc0]
V  [jvm.dll+0xac30c]
V  [jvm.dll+0x11c455]
V  [jvm.dll+0x180c76]
V  [jvm.dll+0x18e24e]
V  [jvm.dll+0x133d2d]
V  [jvm.dll+0x133f90]
V  [jvm.dll+0x134256]
V  [jvm.dll+0x1336ea]
V  [jvm.dll+0x1353b1]
V  [jvm.dll+0x226ef8]
V  [jvm.dll+0x22503c]
V  [jvm.dll+0x7e596b]
V  [jvm.dll+0x7dff2a]
V  [jvm.dll+0x6744d5]
C  [ucrtbase.dll+0x21bb2]
C  [KERNEL32.DLL+0x17034]
C  [ntdll.dll+0x52651]


---------------  P R O C E S S  ---------------

Threads class SMR info:
_java_thread_list=0x0000015e7be3acf0, length=17, elements={
0x0000015e7ae42620, 0x0000015e7ae43c30, 0x0000015e7ae177e0, 0x0000015e7ae180a0,
0x0000015e7b814350, 0x0000015e7b815c20, 0x0000015e7ae75550, 0x0000015e7ae76f30,
0x0000015e7ae8a890, 0x0000015e7b963a90, 0x0000015e7b973de0, 0x0000015e7bbf7570,
0x0000015e7bbf7d90, 0x0000015e7bbf83f0, 0x0000015e7bd9bc80, 0x0000015e6177bf40,
0x0000015e7bde7e80
}

Java Threads: ( => current thread )
  0x0000015e7ae42620 JavaThread "Reference Handler" daemon [_thread_blocked, id=29648, stack(0x0000005420e00000,0x0000005420f00000)]
  0x0000015e7ae43c30 JavaThread "Finalizer" daemon [_thread_blocked, id=19536, stack(0x0000005420f00000,0x0000005421000000)]
  0x0000015e7ae177e0 JavaThread "Signal Dispatcher" daemon [_thread_blocked, id=29308, stack(0x0000005421000000,0x0000005421100000)]
  0x0000015e7ae180a0 JavaThread "Attach Listener" daemon [_thread_blocked, id=26796, stack(0x0000005421100000,0x0000005421200000)]
  0x0000015e7b814350 JavaThread "Service Thread" daemon [_thread_blocked, id=30380, stack(0x0000005421200000,0x0000005421300000)]
  0x0000015e7b815c20 JavaThread "Monitor Deflation Thread" daemon [_thread_blocked, id=14120, stack(0x0000005421300000,0x0000005421400000)]
  0x0000015e7ae75550 JavaThread "C2 CompilerThread0" daemon [_thread_blocked, id=14092, stack(0x0000005421400000,0x0000005421500000)]
=>0x0000015e7ae76f30 JavaThread "C1 CompilerThread0" daemon [_thread_in_native, id=29128, stack(0x0000005421500000,0x0000005421600000)]
  0x0000015e7ae8a890 JavaThread "Sweeper thread" daemon [_thread_blocked, id=29024, stack(0x0000005421600000,0x0000005421700000)]
  0x0000015e7b963a90 JavaThread "Notification Thread" daemon [_thread_blocked, id=26156, stack(0x0000005421700000,0x0000005421800000)]
  0x0000015e7b973de0 JavaThread "Common-Cleaner" daemon [_thread_blocked, id=29548, stack(0x0000005421900000,0x0000005421a00000)]
  0x0000015e7bbf7570 JavaThread "Java2D Disposer" daemon [_thread_blocked, id=16828, stack(0x0000005421a00000,0x0000005421b00000)]
  0x0000015e7bbf7d90 JavaThread "AWT-Shutdown" [_thread_blocked, id=14720, stack(0x0000005421b00000,0x0000005421c00000)]
  0x0000015e7bbf83f0 JavaThread "AWT-Windows" daemon [_thread_in_native, id=28832, stack(0x0000005421c00000,0x0000005421d00000)]
  0x0000015e7bd9bc80 JavaThread "AWT-EventQueue-0" [_thread_blocked, id=26872, stack(0x0000005421d00000,0x0000005421e00000)]
  0x0000015e6177bf40 JavaThread "DestroyJavaVM" [_thread_blocked, id=4304, stack(0x0000005420700000,0x0000005420800000)]
  0x0000015e7bde7e80 JavaThread "TimerQueue" daemon [_thread_blocked, id=6952, stack(0x0000005421e00000,0x0000005421f00000)]

Other Threads:
  0x0000015e7ade9b70 VMThread "VM Thread" [stack: 0x0000005420d00000,0x0000005420e00000] [id=23532]
  0x0000015e7b96a990 WatcherThread [stack: 0x0000005421800000,0x0000005421900000] [id=24040]
  0x0000015e617b9390 GCTaskThread "GC Thread#0" [stack: 0x0000005420800000,0x0000005420900000] [id=10940]
  0x0000015e617c9f50 ConcurrentGCThread "G1 Main Marker" [stack: 0x0000005420900000,0x0000005420a00000] [id=2712]
  0x0000015e617cd660 ConcurrentGCThread "G1 Conc#0" [stack: 0x0000005420a00000,0x0000005420b00000] [id=19620]
  0x0000015e61843d30 ConcurrentGCThread "G1 Refine#0" [stack: 0x0000005420b00000,0x0000005420c00000] [id=33872]
  0x0000015e61845030 ConcurrentGCThread "G1 Service" [stack: 0x0000005420c00000,0x0000005420d00000] [id=23036]

Threads with active compile tasks:
C1 CompilerThread0  1960914 1003       3       java.lang.invoke.MethodHandles$Lookup::checkSecurityManager (97 bytes)

VM state: not at safepoint (normal execution)

VM Mutex/Monitor currently owned by a thread: None

Heap address: 0x0000000081c00000, size: 2020 MB, Compressed Oops mode: 32-bit

CDS archive(s) not mapped
Compressed class space mapped at: 0x0000000100000000-0x0000000140000000, reserved size: 1073741824
Narrow klass base: 0x0000000000000000, Narrow klass shift: 3, Narrow klass range: 0x140000000

GC Precious Log:
 CPUs: 4 total, 4 available
 Memory: 8076M
 Large Page Support: Disabled
 NUMA Support: Disabled
 Compressed Oops: Enabled (32-bit)
 Heap Region Size: 1M
 Heap Min Capacity: 8M
 Heap Initial Capacity: 128M
 Heap Max Capacity: 2020M
 Pre-touch: Disabled
 Parallel Workers: 4
 Concurrent Workers: 1
 Concurrent Refinement Workers: 4
 Periodic GC: Disabled

Heap:
 garbage-first heap   total 131072K, used 8192K [0x0000000081c00000, 0x0000000100000000)
  region size 1024K, 7 young (7168K), 0 survivors (0K)
 Metaspace       used 15372K, committed 15552K, reserved 1064960K
  class space    used 1630K, committed 1728K, reserved 1048576K

Heap Regions: E=young(eden), S=young(survivor), O=old, HS=humongous(starts), HC=humongous(continues), CS=collection set, F=free, OA=open archive, CA=closed archive, TAMS=top-at-mark-start (previous, next)
|   0|0x0000000081c00000, 0x0000000081d00000, 0x0000000081d00000|100%|HS|  |TAMS 0x0000000081c00000, 0x0000000081c00000| Complete 
|   1|0x0000000081d00000, 0x0000000081e00000, 0x0000000081e00000|100%|HC|  |TAMS 0x0000000081d00000, 0x0000000081d00000| Complete 
|   2|0x0000000081e00000, 0x0000000081e00000, 0x0000000081f00000|  0%| F|  |TAMS 0x0000000081e00000, 0x0000000081e00000| Untracked 
|   3|0x0000000081f00000, 0x0000000081f00000, 0x0000000082000000|  0%| F|  |TAMS 0x0000000081f00000, 0x0000000081f00000| Untracked 
|   4|0x0000000082000000, 0x0000000082000000, 0x0000000082100000|  0%| F|  |TAMS 0x0000000082000000, 0x0000000082000000| Untracked 
|   5|0x0000000082100000, 0x0000000082100000, 0x0000000082200000|  0%| F|  |TAMS 0x0000000082100000, 0x0000000082100000| Untracked 
|   6|0x0000000082200000, 0x0000000082200000, 0x0000000082300000|  0%| F|  |TAMS 0x0000000082200000, 0x0000000082200000| Untracked 
|   7|0x0000000082300000, 0x0000000082300000, 0x0000000082400000|  0%| F|  |TAMS 0x0000000082300000, 0x0000000082300000| Untracked 
|   8|0x0000000082400000, 0x0000000082400000, 0x0000000082500000|  0%| F|  |TAMS 0x0000000082400000, 0x0000000082400000| Untracked 
|   9|0x0000000082500000, 0x0000000082500000, 0x0000000082600000|  0%| F|  |TAMS 0x0000000082500000, 0x0000000082500000| Untracked 
|  10|0x0000000082600000, 0x0000000082600000, 0x0000000082700000|  0%| F|  |TAMS 0x0000000082600000, 0x0000000082600000| Untracked 
|  11|0x0000000082700000, 0x0000000082700000, 0x0000000082800000|  0%| F|  |TAMS 0x0000000082700000, 0x0000000082700000| Untracked 
|  12|0x0000000082800000, 0x0000000082800000, 0x0000000082900000|  0%| F|  |TAMS 0x0000000082800000, 0x0000000082800000| Untracked 
|  13|0x0000000082900000, 0x0000000082900000, 0x0000000082a00000|  0%| F|  |TAMS 0x0000000082900000, 0x0000000082900000| Untracked 
|  14|0x0000000082a00000, 0x0000000082a00000, 0x0000000082b00000|  0%| F|  |TAMS 0x0000000082a00000, 0x0000000082a00000| Untracked 
|  15|0x0000000082b00000, 0x0000000082b00000, 0x0000000082c00000|  0%| F|  |TAMS 0x0000000082b00000, 0x0000000082b00000| Untracked 
|  16|0x0000000082c00000, 0x0000000082c00000, 0x0000000082d00000|  0%| F|  |TAMS 0x0000000082c00000, 0x0000000082c00000| Untracked 
|  17|0x0000000082d00000, 0x0000000082d00000, 0x0000000082e00000|  0%| F|  |TAMS 0x0000000082d00000, 0x0000000082d00000| Untracked 
|  18|0x0000000082e00000, 0x0000000082e00000, 0x0000000082f00000|  0%| F|  |TAMS 0x0000000082e00000, 0x0000000082e00000| Untracked 
|  19|0x0000000082f00000, 0x0000000082f00000, 0x0000000083000000|  0%| F|  |TAMS 0x0000000082f00000, 0x0000000082f00000| Untracked 
|  20|0x0000000083000000, 0x0000000083000000, 0x0000000083100000|  0%| F|  |TAMS 0x0000000083000000, 0x0000000083000000| Untracked 
|  21|0x0000000083100000, 0x0000000083100000, 0x0000000083200000|  0%| F|  |TAMS 0x0000000083100000, 0x0000000083100000| Untracked 
|  22|0x0000000083200000, 0x0000000083200000, 0x0000000083300000|  0%| F|  |TAMS 0x0000000083200000, 0x0000000083200000| Untracked 
|  23|0x0000000083300000, 0x0000000083300000, 0x0000000083400000|  0%| F|  |TAMS 0x0000000083300000, 0x0000000083300000| Untracked 
|  24|0x0000000083400000, 0x0000000083400000, 0x0000000083500000|  0%| F|  |TAMS 0x0000000083400000, 0x0000000083400000| Untracked 
|  25|0x0000000083500000, 0x0000000083500000, 0x0000000083600000|  0%| F|  |TAMS 0x0000000083500000, 0x0000000083500000| Untracked 
|  26|0x0000000083600000, 0x0000000083600000, 0x0000000083700000|  0%| F|  |TAMS 0x0000000083600000, 0x0000000083600000| Untracked 
|  27|0x0000000083700000, 0x0000000083700000, 0x0000000083800000|  0%| F|  |TAMS 0x0000000083700000, 0x0000000083700000| Untracked 
|  28|0x0000000083800000, 0x0000000083800000, 0x0000000083900000|  0%| F|  |TAMS 0x0000000083800000, 0x0000000083800000| Untracked 
|  29|0x0000000083900000, 0x0000000083900000, 0x0000000083a00000|  0%| F|  |TAMS 0x0000000083900000, 0x0000000083900000| Untracked 
|  30|0x0000000083a00000, 0x0000000083a00000, 0x0000000083b00000|  0%| F|  |TAMS 0x0000000083a00000, 0x0000000083a00000| Untracked 
|  31|0x0000000083b00000, 0x0000000083b00000, 0x0000000083c00000|  0%| F|  |TAMS 0x0000000083b00000, 0x0000000083b00000| Untracked 
|  32|0x0000000083c00000, 0x0000000083c00000, 0x0000000083d00000|  0%| F|  |TAMS 0x0000000083c00000, 0x0000000083c00000| Untracked 
|  33|0x0000000083d00000, 0x0000000083d00000, 0x0000000083e00000|  0%| F|  |TAMS 0x0000000083d00000, 0x0000000083d00000| Untracked 
|  34|0x0000000083e00000, 0x0000000083e00000, 0x0000000083f00000|  0%| F|  |TAMS 0x0000000083e00000, 0x0000000083e00000| Untracked 
|  35|0x0000000083f00000, 0x0000000083f00000, 0x0000000084000000|  0%| F|  |TAMS 0x0000000083f00000, 0x0000000083f00000| Untracked 
|  36|0x0000000084000000, 0x0000000084000000, 0x0000000084100000|  0%| F|  |TAMS 0x0000000084000000, 0x0000000084000000| Untracked 
|  37|0x0000000084100000, 0x0000000084100000, 0x0000000084200000|  0%| F|  |TAMS 0x0000000084100000, 0x0000000084100000| Untracked 
|  38|0x0000000084200000, 0x0000000084200000, 0x0000000084300000|  0%| F|  |TAMS 0x0000000084200000, 0x0000000084200000| Untracked 
|  39|0x0000000084300000, 0x0000000084300000, 0x0000000084400000|  0%| F|  |TAMS 0x0000000084300000, 0x0000000084300000| Untracked 
|  40|0x0000000084400000, 0x0000000084400000, 0x0000000084500000|  0%| F|  |TAMS 0x0000000084400000, 0x0000000084400000| Untracked 
|  41|0x0000000084500000, 0x0000000084500000, 0x0000000084600000|  0%| F|  |TAMS 0x0000000084500000, 0x0000000084500000| Untracked 
|  42|0x0000000084600000, 0x0000000084600000, 0x0000000084700000|  0%| F|  |TAMS 0x0000000084600000, 0x0000000084600000| Untracked 
|  43|0x0000000084700000, 0x0000000084700000, 0x0000000084800000|  0%| F|  |TAMS 0x0000000084700000, 0x0000000084700000| Untracked 
|  44|0x0000000084800000, 0x0000000084800000, 0x0000000084900000|  0%| F|  |TAMS 0x0000000084800000, 0x0000000084800000| Untracked 
|  45|0x0000000084900000, 0x0000000084900000, 0x0000000084a00000|  0%| F|  |TAMS 0x0000000084900000, 0x0000000084900000| Untracked 
|  46|0x0000000084a00000, 0x0000000084a00000, 0x0000000084b00000|  0%| F|  |TAMS 0x0000000084a00000, 0x0000000084a00000| Untracked 
|  47|0x0000000084b00000, 0x0000000084b00000, 0x0000000084c00000|  0%| F|  |TAMS 0x0000000084b00000, 0x0000000084b00000| Untracked 
|  48|0x0000000084c00000, 0x0000000084c00000, 0x0000000084d00000|  0%| F|  |TAMS 0x0000000084c00000, 0x0000000084c00000| Untracked 
|  49|0x0000000084d00000, 0x0000000084d00000, 0x0000000084e00000|  0%| F|  |TAMS 0x0000000084d00000, 0x0000000084d00000| Untracked 
|  50|0x0000000084e00000, 0x0000000084e00000, 0x0000000084f00000|  0%| F|  |TAMS 0x0000000084e00000, 0x0000000084e00000| Untracked 
|  51|0x0000000084f00000, 0x0000000084f00000, 0x0000000085000000|  0%| F|  |TAMS 0x0000000084f00000, 0x0000000084f00000| Untracked 
|  52|0x0000000085000000, 0x0000000085000000, 0x0000000085100000|  0%| F|  |TAMS 0x0000000085000000, 0x0000000085000000| Untracked 
|  53|0x0000000085100000, 0x0000000085100000, 0x0000000085200000|  0%| F|  |TAMS 0x0000000085100000, 0x0000000085100000| Untracked 
|  54|0x0000000085200000, 0x0000000085200000, 0x0000000085300000|  0%| F|  |TAMS 0x0000000085200000, 0x0000000085200000| Untracked 
|  55|0x0000000085300000, 0x0000000085300000, 0x0000000085400000|  0%| F|  |TAMS 0x0000000085300000, 0x0000000085300000| Untracked 
|  56|0x0000000085400000, 0x0000000085400000, 0x0000000085500000|  0%| F|  |TAMS 0x0000000085400000, 0x0000000085400000| Untracked 
|  57|0x0000000085500000, 0x0000000085500000, 0x0000000085600000|  0%| F|  |TAMS 0x0000000085500000, 0x0000000085500000| Untracked 
|  58|0x0000000085600000, 0x0000000085600000, 0x0000000085700000|  0%| F|  |TAMS 0x0000000085600000, 0x0000000085600000| Untracked 
|  59|0x0000000085700000, 0x0000000085700000, 0x0000000085800000|  0%| F|  |TAMS 0x0000000085700000, 0x0000000085700000| Untracked 
|  60|0x0000000085800000, 0x0000000085800000, 0x0000000085900000|  0%| F|  |TAMS 0x0000000085800000, 0x0000000085800000| Untracked 
|  61|0x0000000085900000, 0x0000000085900000, 0x0000000085a00000|  0%| F|  |TAMS 0x0000000085900000, 0x0000000085900000| Untracked 
|  62|0x0000000085a00000, 0x0000000085a00000, 0x0000000085b00000|  0%| F|  |TAMS 0x0000000085a00000, 0x0000000085a00000| Untracked 
|  63|0x0000000085b00000, 0x0000000085b00000, 0x0000000085c00000|  0%| F|  |TAMS 0x0000000085b00000, 0x0000000085b00000| Untracked 
|  64|0x0000000085c00000, 0x0000000085c00000, 0x0000000085d00000|  0%| F|  |TAMS 0x0000000085c00000, 0x0000000085c00000| Untracked 
|  65|0x0000000085d00000, 0x0000000085d00000, 0x0000000085e00000|  0%| F|  |TAMS 0x0000000085d00000, 0x0000000085d00000| Untracked 
|  66|0x0000000085e00000, 0x0000000085e00000, 0x0000000085f00000|  0%| F|  |TAMS 0x0000000085e00000, 0x0000000085e00000| Untracked 
|  67|0x0000000085f00000, 0x0000000085f00000, 0x0000000086000000|  0%| F|  |TAMS 0x0000000085f00000, 0x0000000085f00000| Untracked 
|  68|0x0000000086000000, 0x0000000086000000, 0x0000000086100000|  0%| F|  |TAMS 0x0000000086000000, 0x0000000086000000| Untracked 
|  69|0x0000000086100000, 0x0000000086100000, 0x0000000086200000|  0%| F|  |TAMS 0x0000000086100000, 0x0000000086100000| Untracked 
|  70|0x0000000086200000, 0x0000000086200000, 0x0000000086300000|  0%| F|  |TAMS 0x0000000086200000, 0x0000000086200000| Untracked 
|  71|0x0000000086300000, 0x0000000086300000, 0x0000000086400000|  0%| F|  |TAMS 0x0000000086300000, 0x0000000086300000| Untracked 
|  72|0x0000000086400000, 0x0000000086400000, 0x0000000086500000|  0%| F|  |TAMS 0x0000000086400000, 0x0000000086400000| Untracked 
|  73|0x0000000086500000, 0x0000000086500000, 0x0000000086600000|  0%| F|  |TAMS 0x0000000086500000, 0x0000000086500000| Untracked 
|  74|0x0000000086600000, 0x0000000086600000, 0x0000000086700000|  0%| F|  |TAMS 0x0000000086600000, 0x0000000086600000| Untracked 
|  75|0x0000000086700000, 0x0000000086700000, 0x0000000086800000|  0%| F|  |TAMS 0x0000000086700000, 0x0000000086700000| Untracked 
|  76|0x0000000086800000, 0x0000000086800000, 0x0000000086900000|  0%| F|  |TAMS 0x0000000086800000, 0x0000000086800000| Untracked 
|  77|0x0000000086900000, 0x0000000086900000, 0x0000000086a00000|  0%| F|  |TAMS 0x0000000086900000, 0x0000000086900000| Untracked 
|  78|0x0000000086a00000, 0x0000000086a00000, 0x0000000086b00000|  0%| F|  |TAMS 0x0000000086a00000, 0x0000000086a00000| Untracked 
|  79|0x0000000086b00000, 0x0000000086b00000, 0x0000000086c00000|  0%| F|  |TAMS 0x0000000086b00000, 0x0000000086b00000| Untracked 
|  80|0x0000000086c00000, 0x0000000086c00000, 0x0000000086d00000|  0%| F|  |TAMS 0x0000000086c00000, 0x0000000086c00000| Untracked 
|  81|0x0000000086d00000, 0x0000000086d00000, 0x0000000086e00000|  0%| F|  |TAMS 0x0000000086d00000, 0x0000000086d00000| Untracked 
|  82|0x0000000086e00000, 0x0000000086e00000, 0x0000000086f00000|  0%| F|  |TAMS 0x0000000086e00000, 0x0000000086e00000| Untracked 
|  83|0x0000000086f00000, 0x0000000086f00000, 0x0000000087000000|  0%| F|  |TAMS 0x0000000086f00000, 0x0000000086f00000| Untracked 
|  84|0x0000000087000000, 0x0000000087000000, 0x0000000087100000|  0%| F|  |TAMS 0x0000000087000000, 0x0000000087000000| Untracked 
|  85|0x0000000087100000, 0x0000000087100000, 0x0000000087200000|  0%| F|  |TAMS 0x0000000087100000, 0x0000000087100000| Untracked 
|  86|0x0000000087200000, 0x0000000087200000, 0x0000000087300000|  0%| F|  |TAMS 0x0000000087200000, 0x0000000087200000| Untracked 
|  87|0x0000000087300000, 0x0000000087300000, 0x0000000087400000|  0%| F|  |TAMS 0x0000000087300000, 0x0000000087300000| Untracked 
|  88|0x0000000087400000, 0x0000000087400000, 0x0000000087500000|  0%| F|  |TAMS 0x0000000087400000, 0x0000000087400000| Untracked 
|  89|0x0000000087500000, 0x0000000087500000, 0x0000000087600000|  0%| F|  |TAMS 0x0000000087500000, 0x0000000087500000| Untracked 
|  90|0x0000000087600000, 0x0000000087600000, 0x0000000087700000|  0%| F|  |TAMS 0x0000000087600000, 0x0000000087600000| Untracked 
|  91|0x0000000087700000, 0x0000000087700000, 0x0000000087800000|  0%| F|  |TAMS 0x0000000087700000, 0x0000000087700000| Untracked 
|  92|0x0000000087800000, 0x0000000087800000, 0x0000000087900000|  0%| F|  |TAMS 0x0000000087800000, 0x0000000087800000| Untracked 
|  93|0x0000000087900000, 0x0000000087900000, 0x0000000087a00000|  0%| F|  |TAMS 0x0000000087900000, 0x0000000087900000| Untracked 
|  94|0x0000000087a00000, 0x0000000087a00000, 0x0000000087b00000|  0%| F|  |TAMS 0x0000000087a00000, 0x0000000087a00000| Untracked 
|  95|0x0000000087b00000, 0x0000000087b00000, 0x0000000087c00000|  0%| F|  |TAMS 0x0000000087b00000, 0x0000000087b00000| Untracked 
|  96|0x0000000087c00000, 0x0000000087c00000, 0x0000000087d00000|  0%| F|  |TAMS 0x0000000087c00000, 0x0000000087c00000| Untracked 
|  97|0x0000000087d00000, 0x0000000087d00000, 0x0000000087e00000|  0%| F|  |TAMS 0x0000000087d00000, 0x0000000087d00000| Untracked 
|  98|0x0000000087e00000, 0x0000000087e00000, 0x0000000087f00000|  0%| F|  |TAMS 0x0000000087e00000, 0x0000000087e00000| Untracked 
|  99|0x0000000087f00000, 0x0000000087f00000, 0x0000000088000000|  0%| F|  |TAMS 0x0000000087f00000, 0x0000000087f00000| Untracked 
| 100|0x0000000088000000, 0x0000000088000000, 0x0000000088100000|  0%| F|  |TAMS 0x0000000088000000, 0x0000000088000000| Untracked 
| 101|0x0000000088100000, 0x0000000088100000, 0x0000000088200000|  0%| F|  |TAMS 0x0000000088100000, 0x0000000088100000| Untracked 
| 102|0x0000000088200000, 0x0000000088200000, 0x0000000088300000|  0%| F|  |TAMS 0x0000000088200000, 0x0000000088200000| Untracked 
| 103|0x0000000088300000, 0x0000000088300000, 0x0000000088400000|  0%| F|  |TAMS 0x0000000088300000, 0x0000000088300000| Untracked 
| 104|0x0000000088400000, 0x0000000088400000, 0x0000000088500000|  0%| F|  |TAMS 0x0000000088400000, 0x0000000088400000| Untracked 
| 105|0x0000000088500000, 0x0000000088500000, 0x0000000088600000|  0%| F|  |TAMS 0x0000000088500000, 0x0000000088500000| Untracked 
| 106|0x0000000088600000, 0x0000000088600000, 0x0000000088700000|  0%| F|  |TAMS 0x0000000088600000, 0x0000000088600000| Untracked 
| 107|0x0000000088700000, 0x0000000088700000, 0x0000000088800000|  0%| F|  |TAMS 0x0000000088700000, 0x0000000088700000| Untracked 
| 108|0x0000000088800000, 0x0000000088800000, 0x0000000088900000|  0%| F|  |TAMS 0x0000000088800000, 0x0000000088800000| Untracked 
| 109|0x0000000088900000, 0x0000000088900000, 0x0000000088a00000|  0%| F|  |TAMS 0x0000000088900000, 0x0000000088900000| Untracked 
| 110|0x0000000088a00000, 0x0000000088a00000, 0x0000000088b00000|  0%| F|  |TAMS 0x0000000088a00000, 0x0000000088a00000| Untracked 
| 111|0x0000000088b00000, 0x0000000088b00000, 0x0000000088c00000|  0%| F|  |TAMS 0x0000000088b00000, 0x0000000088b00000| Untracked 
| 112|0x0000000088c00000, 0x0000000088c00000, 0x0000000088d00000|  0%| F|  |TAMS 0x0000000088c00000, 0x0000000088c00000| Untracked 
| 113|0x0000000088d00000, 0x0000000088d00000, 0x0000000088e00000|  0%| F|  |TAMS 0x0000000088d00000, 0x0000000088d00000| Untracked 
| 114|0x0000000088e00000, 0x0000000088e00000, 0x0000000088f00000|  0%| F|  |TAMS 0x0000000088e00000, 0x0000000088e00000| Untracked 
| 115|0x0000000088f00000, 0x0000000088f00000, 0x0000000089000000|  0%| F|  |TAMS 0x0000000088f00000, 0x0000000088f00000| Untracked 
| 116|0x0000000089000000, 0x0000000089000000, 0x0000000089100000|  0%| F|  |TAMS 0x0000000089000000, 0x0000000089000000| Untracked 
| 117|0x0000000089100000, 0x0000000089100000, 0x0000000089200000|  0%| F|  |TAMS 0x0000000089100000, 0x0000000089100000| Untracked 
| 118|0x0000000089200000, 0x0000000089200000, 0x0000000089300000|  0%| F|  |TAMS 0x0000000089200000, 0x0000000089200000| Untracked 
| 119|0x0000000089300000, 0x0000000089300000, 0x0000000089400000|  0%| F|  |TAMS 0x0000000089300000, 0x0000000089300000| Untracked 
| 120|0x0000000089400000, 0x0000000089400000, 0x0000000089500000|  0%| F|  |TAMS 0x0000000089400000, 0x0000000089400000| Untracked 
| 121|0x0000000089500000, 0x00000000895c8b40, 0x0000000089600000| 78%| E|  |TAMS 0x0000000089500000, 0x0000000089500000| Complete 
| 122|0x0000000089600000, 0x0000000089700000, 0x0000000089700000|100%| E|CS|TAMS 0x0000000089600000, 0x0000000089600000| Complete 
| 123|0x0000000089700000, 0x0000000089800000, 0x0000000089800000|100%| E|CS|TAMS 0x0000000089700000, 0x0000000089700000| Complete 
| 124|0x0000000089800000, 0x0000000089900000, 0x0000000089900000|100%| E|CS|TAMS 0x0000000089800000, 0x0000000089800000| Complete 
| 125|0x0000000089900000, 0x0000000089a00000, 0x0000000089a00000|100%| E|CS|TAMS 0x0000000089900000, 0x0000000089900000| Complete 
| 126|0x0000000089a00000, 0x0000000089b00000, 0x0000000089b00000|100%| E|CS|TAMS 0x0000000089a00000, 0x0000000089a00000| Complete 
| 127|0x0000000089b00000, 0x0000000089c00000, 0x0000000089c00000|100%| E|CS|TAMS 0x0000000089b00000, 0x0000000089b00000| Complete 

Card table byte_map: [0x0000015e74240000,0x0000015e74640000] _byte_map_base: 0x0000015e73e32000

Marking Bits (Prev, Next): (CMBitMap*) 0x0000015e617b99a0, (CMBitMap*) 0x0000015e617b99e0
 Prev Bits: [0x0000015e74a40000, 0x0000015e769d0000)
 Next Bits: [0x0000015e769d0000, 0x0000015e78960000)

Polling page: 0x0000015e5f910000

Metaspace:

Usage:
  Non-class:     13.42 MB used.
      Class:      1.59 MB used.
       Both:     15.01 MB used.

Virtual space:
  Non-class space:       16.00 MB reserved,      13.50 MB ( 84%) committed,  2 nodes.
      Class space:        1.00 GB reserved,       1.69 MB ( <1%) committed,  1 nodes.
             Both:        1.02 GB reserved,      15.19 MB (  1%) committed. 

Chunk freelists:
   Non-Class:  2.45 MB
       Class:  2.23 MB
        Both:  4.69 MB

MaxMetaspaceSize: unlimited
CompressedClassSpaceSize: 1.00 GB
Initial GC threshold: 21.00 MB
Current GC threshold: 21.00 MB
CDS: off
MetaspaceReclaimPolicy: balanced
 - commit_granule_bytes: 65536.
 - commit_granule_words: 8192.
 - virtual_space_node_default_size: 1048576.
 - enlarge_chunks_in_place: 1.
 - new_chunks_are_fully_committed: 0.
 - uncommit_free_chunks: 1.
 - use_allocation_guard: 0.
 - handle_deallocations: 1.


Internal statistics:

num_allocs_failed_limit: 0.
num_arena_births: 112.
num_arena_deaths: 0.
num_vsnodes_births: 3.
num_vsnodes_deaths: 0.
num_space_committed: 243.
num_space_uncommitted: 0.
num_chunks_returned_to_freelist: 0.
num_chunks_taken_from_freelist: 192.
num_chunk_merges: 0.
num_chunk_splits: 89.
num_chunks_enlarged: 23.
num_purges: 0.
num_inconsistent_stats: 0.

CodeHeap 'non-profiled nmethods': size=120000Kb used=258Kb max_used=258Kb free=119741Kb
 bounds [0x0000015e6c910000, 0x0000015e6cb80000, 0x0000015e73e40000]
CodeHeap 'profiled nmethods': size=120000Kb used=1582Kb max_used=1582Kb free=118417Kb
 bounds [0x0000015e653e0000, 0x0000015e65650000, 0x0000015e6c910000]
CodeHeap 'non-nmethods': size=5760Kb used=1259Kb max_used=1273Kb free=4500Kb
 bounds [0x0000015e64e40000, 0x0000015e650b0000, 0x0000015e653e0000]
 total_blobs=1585 nmethods=1002 adapters=496
 compilation: enabled
              stopped_count=0, restarted_count=0
 full_count=0

Compilation events (20 events):
Event: 1.466 Thread 0x0000015e7ae76f30 nmethod 992 0x0000015e6554fc90 code [0x0000015e6554fe60, 0x0000015e65550278]
Event: 1.474 Thread 0x0000015e7ae76f30  993   !   3       sun.awt.AWTAutoShutdown::getPeer (43 bytes)
Event: 1.474 Thread 0x0000015e7ae76f30 nmethod 993 0x0000015e65550410 code [0x0000015e655505c0, 0x0000015e65550968]
Event: 1.517 Thread 0x0000015e7ae76f30  994       3       java.awt.event.ComponentEvent::<init> (7 bytes)
Event: 1.517 Thread 0x0000015e7ae76f30 nmethod 994 0x0000015e65550b90 code [0x0000015e65550d20, 0x0000015e65550e68]
Event: 1.519 Thread 0x0000015e7ae76f30  995   !   3       java.awt.Container::dispatchEventImpl (129 bytes)
Event: 1.520 Thread 0x0000015e7ae76f30 nmethod 995 0x0000015e65550f10 code [0x0000015e65551140, 0x0000015e65551a58]
Event: 1.552 Thread 0x0000015e7ae76f30  996       3       java.awt.EventQueue::setCurrentEventAndMostRecentTime (8 bytes)
Event: 1.553 Thread 0x0000015e7ae76f30 nmethod 996 0x0000015e65551d90 code [0x0000015e65551f80, 0x0000015e65552418]
Event: 1.555 Thread 0x0000015e7ae76f30  997       3       sun.awt.SunToolkit::isTouchKeyboardAutoShowEnabled (4 bytes)
Event: 1.555 Thread 0x0000015e7ae76f30 nmethod 997 0x0000015e65552610 code [0x0000015e655527a0, 0x0000015e65552898]
Event: 1.557 Thread 0x0000015e7ae76f30  998   !   3       java.awt.DefaultKeyboardFocusManager::dispatchEvent (1621 bytes)
Event: 1.571 Thread 0x0000015e7ae76f30 nmethod 998 0x0000015e65552910 code [0x0000015e65554000, 0x0000015e655655b8]
Event: 1.571 Thread 0x0000015e7ae76f30 1001       3       java.awt.EventQueue::cacheEQItem (60 bytes)
Event: 1.572 Thread 0x0000015e7ae76f30 nmethod 1001 0x0000015e6556a210 code [0x0000015e6556a3e0, 0x0000015e6556ab88]
Event: 1.572 Thread 0x0000015e7ae76f30  999       3       java.awt.Toolkit::notifyAWTEventListeners (36 bytes)
Event: 1.572 Thread 0x0000015e7ae76f30 nmethod 999 0x0000015e6556ad90 code [0x0000015e6556af80, 0x0000015e6556b528]
Event: 1.572 Thread 0x0000015e7ae76f30 1000       3       java.awt.Component::areInputMethodsEnabled (39 bytes)
Event: 1.572 Thread 0x0000015e7ae76f30 nmethod 1000 0x0000015e6556b690 code [0x0000015e6556b820, 0x0000015e6556ba38]
Event: 1960.834 Thread 0x0000015e7ae76f30 1003       3       java.lang.invoke.MethodHandles$Lookup::checkSecurityManager (97 bytes)

GC Heap History (0 events):
No events

Deoptimization events (4 events):
Event: 0.538 Thread 0x0000015e7bd9bc80 DEOPT PACKING pc=0x0000015e653f5ce7 sp=0x0000005421dfcb60
Event: 0.538 Thread 0x0000015e7bd9bc80 DEOPT UNPACKING pc=0x0000015e64e92b43 sp=0x0000005421dfbf80 mode 0
Event: 0.545 Thread 0x0000015e7bd9bc80 DEOPT PACKING pc=0x0000015e653f5ce7 sp=0x0000005421dfc0e0
Event: 0.545 Thread 0x0000015e7bd9bc80 DEOPT UNPACKING pc=0x0000015e64e92b43 sp=0x0000005421dfb500 mode 0

Classes unloaded (0 events):
No events

Classes redefined (0 events):
No events

Internal exceptions (12 events):
Event: 0.182 Thread 0x0000015e6177bf40 Exception <a 'java/lang/ClassNotFoundException'{0x0000000089a3a488}: sun/awt/resources/spi/awtProvider> (0x0000000089a3a488) 
thrown [e:\jenkins\tmp\workspace\build\src\src\hotspot\share\classfile\systemDictionary.cpp, line 256]
Event: 0.213 Thread 0x0000015e6177bf40 Exception <a 'java/io/FileNotFoundException'{0x0000000089a95790}> (0x0000000089a95790) 
thrown [e:\jenkins\tmp\workspace\build\src\src\hotspot\share\prims\jni.cpp, line 516]
Event: 0.220 Thread 0x0000015e6177bf40 Exception <a 'java/io/FileNotFoundException'{0x0000000089ac2778}> (0x0000000089ac2778) 
thrown [e:\jenkins\tmp\workspace\build\src\src\hotspot\share\prims\jni.cpp, line 516]
Event: 0.254 Thread 0x0000015e6177bf40 Exception <a 'java/lang/NoSuchMethodError'{0x0000000089af8fa0}: 'java.lang.Object java.lang.invoke.DirectMethodHandle$Holder.invokeStaticInit(java.lang.Object)'> (0x0000000089af8fa0) 
thrown [e:\jenkins\tmp\workspace\build\src\src\hotspot\share\interpreter\linkResolver.cpp, line 766]
Event: 0.300 Thread 0x0000015e7bd9bc80 Exception <a 'java/lang/NoSuchMethodError'{0x0000000089811798}: 'void java.lang.invoke.DirectMethodHandle$Holder.invokeSpecial(java.lang.Object, java.lang.Object, java.lang.Object)'> (0x0000000089811798) 
thrown [e:\jenkins\tmp\workspace\build\src\src\hotspot\share\interpreter\linkResolver.cpp, line 766]
Event: 0.308 Thread 0x0000015e7bd9bc80 Exception <a 'java/lang/NoSuchMethodError'{0x000000008983b868}: 'java.lang.Object java.lang.invoke.DirectMethodHandle$Holder.newInvokeSpecial(java.lang.Object, java.lang.Object, java.lang.Object, java.lang.Object, java.lang.Object)'> (0x000000008983b868) 
thrown [e:\jenkins\tmp\workspace\build\src\src\hotspot\share\interpreter\linkResolver.cpp, line 766]
Event: 0.310 Thread 0x0000015e7bd9bc80 Exception <a 'java/lang/NoSuchMethodError'{0x0000000089847488}: 'java.lang.Object java.lang.invoke.DirectMethodHandle$Holder.invokeStatic(java.lang.Object, int, java.lang.Object, java.lang.Object, java.lang.Object, java.lang.Object)'> (0x0000000089847488) 
thrown [e:\jenkins\tmp\workspace\build\src\src\hotspot\share\interpreter\linkResolver.cpp, line 766]
Event: 0.314 Thread 0x0000015e7bd9bc80 Exception <a 'java/lang/NoSuchMethodError'{0x000000008986cc48}: 'java.lang.Object java.lang.invoke.DirectMethodHandle$Holder.invokeStatic(java.lang.Object, int, java.lang.Object)'> (0x000000008986cc48) 
thrown [e:\jenkins\tmp\workspace\build\src\src\hotspot\share\interpreter\linkResolver.cpp, line 766]
Event: 0.361 Thread 0x0000015e7bd9bc80 Exception <a 'java/lang/ClassNotFoundException'{0x0000000089725198}: com/sun/swing/internal/plaf/metal/resources/spi/metalProvider> (0x0000000089725198) 
thrown [e:\jenkins\tmp\workspace\build\src\src\hotspot\share\classfile\systemDictionary.cpp, line 256]
Event: 0.362 Thread 0x0000015e7bd9bc80 Exception <a 'java/lang/ClassNotFoundException'{0x0000000089729070}: com/sun/swing/internal/plaf/basic/resources/spi/basicProvider> (0x0000000089729070) 
thrown [e:\jenkins\tmp\workspace\build\src\src\hotspot\share\classfile\systemDictionary.cpp, line 256]
Event: 0.606 Thread 0x0000015e7bd9bc80 Exception <a 'java/lang/NoSuchMethodError'{0x00000000896832c0}: 'void java.lang.invoke.DirectMethodHandle$Holder.invokeStaticInit(java.lang.Object)'> (0x00000000896832c0) 
thrown [e:\jenkins\tmp\workspace\build\src\src\hotspot\share\interpreter\linkResolver.cpp, line 766]
Event: 0.618 Thread 0x0000015e7bbf83f0 Exception <a 'java/lang/NoSuchMethodError'{0x00000000899529a8}: 'void java.lang.invoke.DirectMethodHandle$Holder.invokeVirtual(java.lang.Object, java.lang.Object)'> (0x00000000899529a8) 
thrown [e:\jenkins\tmp\workspace\build\src\src\hotspot\share\interpreter\linkResolver.cpp, line 766]

VM Operations (18 events):
Event: 0.361 Executing VM operation: HandshakeAllThreads
Event: 0.361 Executing VM operation: HandshakeAllThreads done
Event: 0.376 Executing VM operation: HandshakeAllThreads
Event: 0.376 Executing VM operation: HandshakeAllThreads done
Event: 0.487 Executing VM operation: HandshakeAllThreads
Event: 0.487 Executing VM operation: HandshakeAllThreads done
Event: 0.545 Executing VM operation: HandshakeAllThreads
Event: 0.545 Executing VM operation: HandshakeAllThreads done
Event: 0.702 Executing VM operation: HandshakeAllThreads
Event: 0.702 Executing VM operation: HandshakeAllThreads done
Event: 0.773 Executing VM operation: HandshakeAllThreads
Event: 0.774 Executing VM operation: HandshakeAllThreads done
Event: 0.782 Executing VM operation: HandshakeAllThreads
Event: 0.783 Executing VM operation: HandshakeAllThreads done
Event: 1.783 Executing VM operation: Cleanup
Event: 1.783 Executing VM operation: Cleanup done
Event: 2.783 Executing VM operation: Cleanup
Event: 2.783 Executing VM operation: Cleanup done

Events (20 events):
Event: 1.260 loading class java/awt/event/MouseEvent$1
Event: 1.260 loading class sun/awt/AWTAccessor$MouseEventAccessor
Event: 1.260 loading class sun/awt/AWTAccessor$MouseEventAccessor done
Event: 1.260 loading class java/awt/event/MouseEvent$1 done
Event: 1.261 loading class java/awt/Cursor$CursorDisposer
Event: 1.261 loading class java/awt/Cursor$CursorDisposer done
Event: 1.261 loading class java/awt/Container$MouseEventTargetFilter
Event: 1.261 loading class java/awt/Container$EventTargetFilter
Event: 1.261 loading class java/awt/Container$EventTargetFilter done
Event: 1.261 loading class java/awt/Container$MouseEventTargetFilter done
Event: 1.261 loading class java/awt/LightweightDispatcher$1
Event: 1.261 loading class java/awt/LightweightDispatcher$1 done
Event: 1.261 loading class java/awt/event/MouseWheelEvent
Event: 1.261 loading class java/awt/event/MouseWheelEvent done
Event: 1.563 loading class java/awt/LightweightDispatcher$2
Event: 1.563 loading class java/awt/LightweightDispatcher$2 done
Event: 1.987 loading class java/awt/KeyboardFocusManager$2
Event: 1.988 loading class java/awt/KeyboardFocusManager$2 done
Event: 1.988 loading class sun/awt/SunToolkit$1
Event: 1.988 loading class sun/awt/SunToolkit$1 done


Dynamic libraries:
0x00007ff717230000 - 0x00007ff71723e000 	C:\Users\ROG\.p2\pool\plugins\org.eclipse.justj.openjdk.hotspot.jre.full.win32.x86_64_17.0.2.v20220201-1208\jre\bin\javaw.exe
0x00007ffaaf6d0000 - 0x00007ffaaf8c5000 	C:\Windows\SYSTEM32\ntdll.dll
0x00007ffaae1b0000 - 0x00007ffaae26d000 	C:\Windows\System32\KERNEL32.DLL
0x00007ffaacf70000 - 0x00007ffaad23d000 	C:\Windows\System32\KERNELBASE.dll
0x00007ffaace70000 - 0x00007ffaacf70000 	C:\Windows\System32\ucrtbase.dll
0x00007ffaa5760000 - 0x00007ffaa5778000 	C:\Users\ROG\.p2\pool\plugins\org.eclipse.justj.openjdk.hotspot.jre.full.win32.x86_64_17.0.2.v20220201-1208\jre\bin\jli.dll
0x00007ffaa7470000 - 0x00007ffaa7489000 	C:\Users\ROG\.p2\pool\plugins\org.eclipse.justj.openjdk.hotspot.jre.full.win32.x86_64_17.0.2.v20220201-1208\jre\bin\VCRUNTIME140.dll
0x00007ffaae010000 - 0x00007ffaae1b0000 	C:\Windows\System32\USER32.dll
0x00007ffaad240000 - 0x00007ffaad262000 	C:\Windows\System32\win32u.dll
0x00007ffa95e50000 - 0x00007ffa960ea000 	C:\Windows\WinSxS\amd64_microsoft.windows.common-controls_6595b64144ccf1df_6.0.19041.1110_none_60b5254171f9507e\COMCTL32.dll
0x00007ffaadf70000 - 0x00007ffaadf9a000 	C:\Windows\System32\GDI32.dll
0x00007ffaad430000 - 0x00007ffaad53b000 	C:\Windows\System32\gdi32full.dll
0x00007ffaae8d0000 - 0x00007ffaae96e000 	C:\Windows\System32\msvcrt.dll
0x00007ffaad390000 - 0x00007ffaad42d000 	C:\Windows\System32\msvcp_win.dll
0x00007ffaae810000 - 0x00007ffaae840000 	C:\Windows\System32\IMM32.DLL
0x00007ffaa8cf0000 - 0x00007ffaa8cfc000 	C:\Users\ROG\.p2\pool\plugins\org.eclipse.justj.openjdk.hotspot.jre.full.win32.x86_64_17.0.2.v20220201-1208\jre\bin\vcruntime140_1.dll
0x00007ffaa56c0000 - 0x00007ffaa5751000 	C:\Users\ROG\.p2\pool\plugins\org.eclipse.justj.openjdk.hotspot.jre.full.win32.x86_64_17.0.2.v20220201-1208\jre\bin\msvcp140.dll
0x00007ffa42ac0000 - 0x00007ffa43707000 	C:\Users\ROG\.p2\pool\plugins\org.eclipse.justj.openjdk.hotspot.jre.full.win32.x86_64_17.0.2.v20220201-1208\jre\bin\server\jvm.dll
0x00007ffaaea90000 - 0x00007ffaaeb3e000 	C:\Windows\System32\ADVAPI32.dll
0x00007ffaaeb40000 - 0x00007ffaaebdc000 	C:\Windows\System32\sechost.dll
0x00007ffaaebe0000 - 0x00007ffaaed05000 	C:\Windows\System32\RPCRT4.dll
0x00007ffaae000000 - 0x00007ffaae008000 	C:\Windows\System32\PSAPI.DLL
0x00007ffaa8c60000 - 0x00007ffaa8c69000 	C:\Windows\SYSTEM32\WSOCK32.dll
0x00007ffaaed10000 - 0x00007ffaaed7b000 	C:\Windows\System32\WS2_32.dll
0x00007ffa99870000 - 0x00007ffa99897000 	C:\Windows\SYSTEM32\WINMM.dll
0x00007ffaa4bc0000 - 0x00007ffaa4bca000 	C:\Windows\SYSTEM32\VERSION.dll
0x00007ffaaace0000 - 0x00007ffaaacf2000 	C:\Windows\SYSTEM32\kernel.appcore.dll
0x00007ffaa7510000 - 0x00007ffaa751a000 	C:\Users\ROG\.p2\pool\plugins\org.eclipse.justj.openjdk.hotspot.jre.full.win32.x86_64_17.0.2.v20220201-1208\jre\bin\jimage.dll
0x00007ffa995c0000 - 0x00007ffa997a4000 	C:\Windows\SYSTEM32\DBGHELP.DLL
0x00007ffa90040000 - 0x00007ffa9006c000 	C:\Windows\SYSTEM32\dbgcore.DLL
0x00007ffaacde0000 - 0x00007ffaace62000 	C:\Windows\System32\bcryptPrimitives.dll
0x00007ffaa7270000 - 0x00007ffaa7295000 	C:\Users\ROG\.p2\pool\plugins\org.eclipse.justj.openjdk.hotspot.jre.full.win32.x86_64_17.0.2.v20220201-1208\jre\bin\java.dll
0x00007ffaa7450000 - 0x00007ffaa7468000 	C:\Users\ROG\.p2\pool\plugins\org.eclipse.justj.openjdk.hotspot.jre.full.win32.x86_64_17.0.2.v20220201-1208\jre\bin\zip.dll
0x00007ffaaef30000 - 0x00007ffaaf674000 	C:\Windows\System32\SHELL32.dll
0x00007ffaaaee0000 - 0x00007ffaab674000 	C:\Windows\SYSTEM32\windows.storage.dll
0x00007ffaae4b0000 - 0x00007ffaae804000 	C:\Windows\System32\combase.dll
0x00007ffaac840000 - 0x00007ffaac86c000 	C:\Windows\SYSTEM32\Wldp.dll
0x00007ffaae270000 - 0x00007ffaae31d000 	C:\Windows\System32\SHCORE.dll
0x00007ffaae450000 - 0x00007ffaae4a5000 	C:\Windows\System32\shlwapi.dll
0x00007ffaacd20000 - 0x00007ffaacd3f000 	C:\Windows\SYSTEM32\profapi.dll
0x00007ffa5a410000 - 0x00007ffa5a59e000 	C:\Users\ROG\.p2\pool\plugins\org.eclipse.justj.openjdk.hotspot.jre.full.win32.x86_64_17.0.2.v20220201-1208\jre\bin\awt.dll
0x00007ffaaede0000 - 0x00007ffaaeead000 	C:\Windows\System32\OLEAUT32.dll
0x00007ffaaa620000 - 0x00007ffaaa6b0000 	C:\Windows\SYSTEM32\apphelp.dll
0x00007ffaaa760000 - 0x00007ffaaa7fe000 	C:\Windows\system32\uxtheme.dll
0x00007ffaae970000 - 0x00007ffaaea85000 	C:\Windows\System32\MSCTF.dll
0x00007ffaae320000 - 0x00007ffaae44a000 	C:\Windows\System32\ole32.dll
0x00007ffaaa9f0000 - 0x00007ffaaaa1f000 	C:\Windows\system32\DWMAPI.DLL
0x00007ffa94050000 - 0x00007ffa94176000 	C:\Windows\system32\opengl32.dll
0x00007ffa980a0000 - 0x00007ffa980cc000 	C:\Windows\SYSTEM32\GLU32.dll
0x00007ffa5a380000 - 0x00007ffa5a409000 	C:\Users\ROG\.p2\pool\plugins\org.eclipse.justj.openjdk.hotspot.jre.full.win32.x86_64_17.0.2.v20220201-1208\jre\bin\freetype.dll
0x00007ffa580e0000 - 0x00007ffa58188000 	C:\Users\ROG\.p2\pool\plugins\org.eclipse.justj.openjdk.hotspot.jre.full.win32.x86_64_17.0.2.v20220201-1208\jre\bin\fontmanager.dll
0x00007ffaa7040000 - 0x00007ffaa7059000 	C:\Users\ROG\.p2\pool\plugins\org.eclipse.justj.openjdk.hotspot.jre.full.win32.x86_64_17.0.2.v20220201-1208\jre\bin\net.dll
0x00007ffa9ba70000 - 0x00007ffa9bb7a000 	C:\Windows\SYSTEM32\WINHTTP.dll
0x00007ffaac5a0000 - 0x00007ffaac60a000 	C:\Windows\system32\mswsock.dll
0x00007ffaa5630000 - 0x00007ffaa5645000 	C:\Users\ROG\.p2\pool\plugins\org.eclipse.justj.openjdk.hotspot.jre.full.win32.x86_64_17.0.2.v20220201-1208\jre\bin\nio.dll
0x00007ffaadec0000 - 0x00007ffaadf69000 	C:\Windows\System32\clbcatq.dll
0x00007ffaa6280000 - 0x00007ffaa6434000 	C:\Windows\SYSTEM32\WindowsCodecs.dll
0x00007ffaad540000 - 0x00007ffaad567000 	C:\Windows\System32\bcrypt.dll
0x00007ffa955d0000 - 0x00007ffa9560e000 	C:\Windows\system32\dataexchange.dll
0x00007ffaa9450000 - 0x00007ffaa96b4000 	C:\Windows\system32\d3d11.dll
0x00007ffaa9b20000 - 0x00007ffaa9d05000 	C:\Windows\system32\dcomp.dll
0x00007ffaab6e0000 - 0x00007ffaab7d3000 	C:\Windows\system32\dxgi.dll
0x00007ffaa66b0000 - 0x00007ffaa68b1000 	C:\Windows\system32\twinapi.appcore.dll
0x00007ffaa5da0000 - 0x00007ffaa5e99000 	C:\Windows\SYSTEM32\textinputframework.dll
0x00007ffaa9d10000 - 0x00007ffaaa06e000 	C:\Windows\System32\CoreUIComponents.dll
0x00007ffaaa3f0000 - 0x00007ffaaa4e2000 	C:\Windows\System32\CoreMessaging.dll
0x00007ffaa8d30000 - 0x00007ffaa8e84000 	C:\Windows\SYSTEM32\wintypes.dll
0x00007ffaabc00000 - 0x00007ffaabc33000 	C:\Windows\SYSTEM32\ntmarta.dll

dbghelp: loaded successfully - version: 4.0.5 - missing functions: none
symbol engine: initialized successfully - sym options: 0x614 - pdb path: .;C:\Users\ROG\.p2\pool\plugins\org.eclipse.justj.openjdk.hotspot.jre.full.win32.x86_64_17.0.2.v20220201-1208\jre\bin;C:\Windows\SYSTEM32;C:\Windows\WinSxS\amd64_microsoft.windows.common-controls_6595b64144ccf1df_6.0.19041.1110_none_60b5254171f9507e;C:\Users\ROG\.p2\pool\plugins\org.eclipse.justj.openjdk.hotspot.jre.full.win32.x86_64_17.0.2.v20220201-1208\jre\bin\server

VM Arguments:
jvm_args: -Dfile.encoding=UTF-8 -XX:+ShowCodeDetailsInExceptionMessages 
java_command: manage_cafe.gui.JFrOrder
java_class_path (initial): D:\Hoa Sen University\IT\Lap Trinh Huong Doi Tuong\LAB\Project\Manage cafe\bin
Launcher Type: SUN_STANDARD

[Global flags]
     intx CICompilerCount                          = 3                                         {product} {ergonomic}
     uint ConcGCThreads                            = 1                                         {product} {ergonomic}
     uint G1ConcRefinementThreads                  = 4                                         {product} {ergonomic}
   size_t G1HeapRegionSize                         = 1048576                                   {product} {ergonomic}
    uintx GCDrainStackTargetSize                   = 64                                        {product} {ergonomic}
   size_t InitialHeapSize                          = 134217728                                 {product} {ergonomic}
   size_t MarkStackSize                            = 4194304                                   {product} {ergonomic}
   size_t MaxHeapSize                              = 2118123520                                {product} {ergonomic}
   size_t MaxNewSize                               = 1270874112                                {product} {ergonomic}
   size_t MinHeapDeltaBytes                        = 1048576                                   {product} {ergonomic}
   size_t MinHeapSize                              = 8388608                                   {product} {ergonomic}
    uintx NonNMethodCodeHeapSize                   = 5832780                                {pd product} {ergonomic}
    uintx NonProfiledCodeHeapSize                  = 122912730                              {pd product} {ergonomic}
    uintx ProfiledCodeHeapSize                     = 122912730                              {pd product} {ergonomic}
    uintx ReservedCodeCacheSize                    = 251658240                              {pd product} {ergonomic}
     bool SegmentedCodeCache                       = true                                      {product} {ergonomic}
     bool ShowCodeDetailsInExceptionMessages       = true                                   {manageable} {command line}
   size_t SoftMaxHeapSize                          = 2118123520                             {manageable} {ergonomic}
     bool UseCompressedClassPointers               = true                           {product lp64_product} {ergonomic}
     bool UseCompressedOops                        = true                           {product lp64_product} {ergonomic}
     bool UseG1GC                                  = true                                      {product} {ergonomic}
     bool UseLargePagesIndividualAllocation        = false                                  {pd product} {ergonomic}

Logging:
Log output configuration:
 #0: stdout all=warning uptime,level,tags
 #1: stderr all=off uptime,level,tags

Environment Variables:
JAVA_HOME=C:\Program Files\Java\jre1.8.0_321
PATH=C:/Users/ROG/.p2/pool/plugins/org.eclipse.justj.openjdk.hotspot.jre.full.win32.x86_64_17.0.2.v20220201-1208/jre/bin/server;C:/Users/ROG/.p2/pool/plugins/org.eclipse.justj.openjdk.hotspot.jre.full.win32.x86_64_17.0.2.v20220201-1208/jre/bin;C:\Program Files (x86)\Common Files\Oracle\Java\javapath;C:\Windows\system32;C:\Windows;C:\Windows\System32\Wbem;C:\Windows\System32\WindowsPowerShell\v1.0\;C:\Windows\System32\OpenSSH\;C:\MinGW\bin;C:\Program Files\Microsoft VS Code\bin;C:\Program Files\Java\jre1.8.0_321\bin;;C:\Program Files (x86)\NVIDIA Corporation\PhysX\Common;C:\Program Files\NVIDIA Corporation\NVIDIA NvDLISR;C:\Users\ROG\AppData\Local\Programs\Python\Python310\Scripts\;C:\Users\ROG\AppData\Local\Programs\Python\Python310\;C:\Users\ROG\AppData\Local\Microsoft\WindowsApps;;C:\Windows\System32;
USERNAME=ROG
OS=Windows_NT
PROCESSOR_IDENTIFIER=Intel64 Family 6 Model 158 Stepping 9, GenuineIntel



---------------  S Y S T E M  ---------------

OS:
 Windows 10 , 64 bit Build 19041 (10.0.19041.1706)
OS uptime: 12 days 20:47 hours

CPU: total 4 (initial active 4) (4 cores per cpu, 1 threads per core) family 6 model 158 stepping 9 microcode 0xb4, cx8, cmov, fxsr, mmx, 3dnowpref, sse, sse2, sse3, ssse3, sse4.1, sse4.2, popcnt, lzcnt, tsc, tscinvbit, avx, avx2, aes, erms, clmul, bmi1, bmi2, adx, fma, vzeroupper, clflush, clflushopt

Memory: 4k page, system-wide physical 8076M (1135M free)
TotalPageFile size 32652M (AvailPageFile size 0M)
current process WorkingSet (physical memory assigned to process): 57M, peak: 72M
current process commit charge ("private bytes"): 214M, peak: 219M

vm_info: OpenJDK 64-Bit Server VM (17.0.2+8) for windows-amd64 JRE (17.0.2+8), built on Jan 20 2022 04:52:34 by "" with MS VC++ 16.7 (VS2019)

END.
