#
# There is insufficient memory for the Java Runtime Environment to continue.
# Native memory allocation (malloc) failed to allocate 32744 bytes for ChunkPool::allocate
# Possible reasons:
#   The system is out of physical RAM or swap space
#   The process is running with CompressedOops enabled, and the Java Heap may be blocking the growth of the native heap
# Possible solutions:
#   Reduce memory load on the system
#   Increase physical memory or swap space
#   Check if swap backing store is full
#   Decrease Java heap size (-Xmx/-Xms)
#   Decrease number of Java threads
#   Decrease Java thread stack sizes (-Xss)
#   Set larger code cache with -XX:ReservedCodeCacheSize=
#
#  , pid=6768---------------  S U M M A R Y ------------

Command Line: -Dfile.encoding=UTF-8 -XX:+ShowCodeDetailsInExceptionMessages manage_cafe.gui.JFrOrder

Host: Intel(R) Core(TM) i5-7300HQ CPU @ 2.50GHz, 4 cores, 7G,  Windows 10 , 64 bit Build 19041 (10.0.19041.1706)
Time: Sat Jun 11 20:49:38 2022 SE Asia Standard Time elapsed time: 441.190502 seconds (0d 0h 7m 21s)

---------------  T H R E A D  ---------------

Current thread (0x0000017c9675fbc0):  JavaThread "C1 CompilerThread0" daemon [_thread_in_native, id=27184, stack(0x000000276c900000,0x000000276ca00000)]


Current CompileTask:
C1: 441190 1583       3       java.lang.invoke.MethodHandles$Lookup::checkSecurityManager (97 bytes)

Stack: [0x000000276c900000,0x000000276ca00000]
Native frames: (J=compiled Java code, j=interpreted, Vv=VM code, C=native code)
V  [jvm.dll+0x67564a]
V  [jvm.dll+0x82fc04]
V  [jvm.dll+0x8313ae]
V  [jvm.dll+0x831a13]
V  [jvm.dll+0x245235]
V  [jvm.dll+0xabfc0]
V  [jvm.dll+0xac30c]
V  [jvm.dll+0x13182e]
V  [jvm.dll+0x1309f8]
V  [jvm.dll+0x139fe0]
V  [jvm.dll+0x1420ee]
V  [jvm.dll+0x14020a]
V  [jvm.dll+0x13e544]
V  [jvm.dll+0x146efd]
V  [jvm.dll+0x146425]
V  [jvm.dll+0x13dc69]
V  [jvm.dll+0x140265]
V  [jvm.dll+0x13e44c]
V  [jvm.dll+0x146efd]
V  [jvm.dll+0x146425]
V  [jvm.dll+0x13dc69]
V  [jvm.dll+0x140265]
V  [jvm.dll+0x13e44c]
V  [jvm.dll+0x146efd]
V  [jvm.dll+0x146425]
V  [jvm.dll+0x13dc69]
V  [jvm.dll+0x140265]
V  [jvm.dll+0x13e544]
V  [jvm.dll+0x13851f]
V  [jvm.dll+0x147fe6]
V  [jvm.dll+0x133c30]
V  [jvm.dll+0x133f90]
V  [jvm.dll+0x134256]
V  [jvm.dll+0x1336ea]
V  [jvm.dll+0x1353b1]
V  [jvm.dll+0x226ef8]
V  [jvm.dll+0x22503c]
V  [jvm.dll+0x7e596b]
V  [jvm.dll+0x7dff2a]
V  [jvm.dll+0x6744d5]
C  [ucrtbase.dll+0x21bb2]
C  [KERNEL32.DLL+0x17034]
C  [ntdll.dll+0x52651]


---------------  P R O C E S S  ---------------

Threads class SMR info:
_java_thread_list=0x0000017c9773db50, length=17, elements={
0x0000017c966e6150, 0x0000017c966e86a0, 0x0000017c9673fca0, 0x0000017c967650e0,
0x0000017c96766140, 0x0000017c9676c270, 0x0000017c9675eae0, 0x0000017c9675fbc0,
0x0000017c967604c0, 0x0000017c97264bf0, 0x0000017c972680e0, 0x0000017c97685040,
0x0000017c97688580, 0x0000017c97687240, 0x0000017c976863d0, 0x0000017c97688f20,
0x0000017c97686d70
}

Java Threads: ( => current thread )
  0x0000017c966e6150 JavaThread "Reference Handler" daemon [_thread_blocked, id=30192, stack(0x000000276c200000,0x000000276c300000)]
  0x0000017c966e86a0 JavaThread "Finalizer" daemon [_thread_blocked, id=27728, stack(0x000000276c300000,0x000000276c400000)]
  0x0000017c9673fca0 JavaThread "Signal Dispatcher" daemon [_thread_blocked, id=28752, stack(0x000000276c400000,0x000000276c500000)]
  0x0000017c967650e0 JavaThread "Attach Listener" daemon [_thread_blocked, id=24872, stack(0x000000276c500000,0x000000276c600000)]
  0x0000017c96766140 JavaThread "Service Thread" daemon [_thread_blocked, id=19676, stack(0x000000276c600000,0x000000276c700000)]
  0x0000017c9676c270 JavaThread "Monitor Deflation Thread" daemon [_thread_blocked, id=9308, stack(0x000000276c700000,0x000000276c800000)]
  0x0000017c9675eae0 JavaThread "C2 CompilerThread0" daemon [_thread_blocked, id=30364, stack(0x000000276c800000,0x000000276c900000)]
=>0x0000017c9675fbc0 JavaThread "C1 CompilerThread0" daemon [_thread_in_native, id=27184, stack(0x000000276c900000,0x000000276ca00000)]
  0x0000017c967604c0 JavaThread "Sweeper thread" daemon [_thread_blocked, id=27980, stack(0x000000276ca00000,0x000000276cb00000)]
  0x0000017c97264bf0 JavaThread "Notification Thread" daemon [_thread_blocked, id=6136, stack(0x000000276cb00000,0x000000276cc00000)]
  0x0000017c972680e0 JavaThread "Common-Cleaner" daemon [_thread_blocked, id=20840, stack(0x000000276cd00000,0x000000276ce00000)]
  0x0000017c97685040 JavaThread "Java2D Disposer" daemon [_thread_blocked, id=21208, stack(0x000000276ce00000,0x000000276cf00000)]
  0x0000017c97688580 JavaThread "AWT-Shutdown" [_thread_blocked, id=17392, stack(0x000000276cf00000,0x000000276d000000)]
  0x0000017c97687240 JavaThread "AWT-Windows" daemon [_thread_in_native, id=33220, stack(0x000000276d000000,0x000000276d100000)]
  0x0000017c976863d0 JavaThread "AWT-EventQueue-0" [_thread_blocked, id=29312, stack(0x000000276d100000,0x000000276d200000)]
  0x0000017c97688f20 JavaThread "DestroyJavaVM" [_thread_blocked, id=27280, stack(0x000000276bb00000,0x000000276bc00000)]
  0x0000017c97686d70 JavaThread "TimerQueue" daemon [_thread_blocked, id=31612, stack(0x000000276d200000,0x000000276d300000)]

Other Threads:
  0x0000017c966a6050 VMThread "VM Thread" [stack: 0x000000276c100000,0x000000276c200000] [id=30512]
  0x0000017c97166a00 WatcherThread [stack: 0x000000276cc00000,0x000000276cd00000] [id=13392]
  0x0000017cfcf277d0 GCTaskThread "GC Thread#0" [stack: 0x000000276bc00000,0x000000276bd00000] [id=23220]
  0x0000017c97add0b0 GCTaskThread "GC Thread#1" [stack: 0x000000276d700000,0x000000276d800000] [id=33564]
  0x0000017c978c5070 GCTaskThread "GC Thread#2" [stack: 0x000000276d800000,0x000000276d900000] [id=14984]
  0x0000017c978c5320 GCTaskThread "GC Thread#3" [stack: 0x000000276d900000,0x000000276da00000] [id=2152]
  0x0000017cfcf39b40 ConcurrentGCThread "G1 Main Marker" [stack: 0x000000276bd00000,0x000000276be00000] [id=16992]
  0x0000017cfcf3b560 ConcurrentGCThread "G1 Conc#0" [stack: 0x000000276be00000,0x000000276bf00000] [id=34608]
  0x0000017cfcfb40c0 ConcurrentGCThread "G1 Refine#0" [stack: 0x000000276bf00000,0x000000276c000000] [id=26880]
  0x0000017cfcfb4ae0 ConcurrentGCThread "G1 Service" [stack: 0x000000276c000000,0x000000276c100000] [id=6328]

Threads with active compile tasks:
C1 CompilerThread0   441227 1583       3       java.lang.invoke.MethodHandles$Lookup::checkSecurityManager (97 bytes)

VM state: not at safepoint (normal execution)

VM Mutex/Monitor currently owned by a thread: None

Heap address: 0x0000000081c00000, size: 2020 MB, Compressed Oops mode: 32-bit

CDS archive(s) not mapped
Compressed class space mapped at: 0x0000000100000000-0x0000000140000000, reserved size: 1073741824
Narrow klass base: 0x0000000000000000, Narrow klass shift: 3, Narrow klass range: 0x140000000

GC Precious Log:
 CPUs: 4 total, 4 available
 Memory: 8076M
 Large Page Support: Disabled
 NUMA Support: Disabled
 Compressed Oops: Enabled (32-bit)
 Heap Region Size: 1M
 Heap Min Capacity: 8M
 Heap Initial Capacity: 128M
 Heap Max Capacity: 2020M
 Pre-touch: Disabled
 Parallel Workers: 4
 Concurrent Workers: 1
 Concurrent Refinement Workers: 4
 Periodic GC: Disabled

Heap:
 garbage-first heap   total 131072K, used 6144K [0x0000000081c00000, 0x0000000100000000)
  region size 1024K, 5 young (5120K), 2 survivors (2048K)
 Metaspace       used 16175K, committed 16320K, reserved 1064960K
  class space    used 1689K, committed 1792K, reserved 1048576K

Heap Regions: E=young(eden), S=young(survivor), O=old, HS=humongous(starts), HC=humongous(continues), CS=collection set, F=free, OA=open archive, CA=closed archive, TAMS=top-at-mark-start (previous, next)
|   0|0x0000000081c00000, 0x0000000081d00000, 0x0000000081d00000|100%|HS|  |TAMS 0x0000000081c00000, 0x0000000081c00000| Complete 
|   1|0x0000000081d00000, 0x0000000081e00000, 0x0000000081e00000|100%|HC|  |TAMS 0x0000000081d00000, 0x0000000081d00000| Complete 
|   2|0x0000000081e00000, 0x0000000081e00000, 0x0000000081f00000|  0%| F|  |TAMS 0x0000000081e00000, 0x0000000081e00000| Untracked 
|   3|0x0000000081f00000, 0x0000000081f00000, 0x0000000082000000|  0%| F|  |TAMS 0x0000000081f00000, 0x0000000081f00000| Untracked 
|   4|0x0000000082000000, 0x0000000082000000, 0x0000000082100000|  0%| F|  |TAMS 0x0000000082000000, 0x0000000082000000| Untracked 
|   5|0x0000000082100000, 0x0000000082100000, 0x0000000082200000|  0%| F|  |TAMS 0x0000000082100000, 0x0000000082100000| Untracked 
|   6|0x0000000082200000, 0x0000000082200000, 0x0000000082300000|  0%| F|  |TAMS 0x0000000082200000, 0x0000000082200000| Untracked 
|   7|0x0000000082300000, 0x0000000082300000, 0x0000000082400000|  0%| F|  |TAMS 0x0000000082300000, 0x0000000082300000| Untracked 
|   8|0x0000000082400000, 0x0000000082400000, 0x0000000082500000|  0%| F|  |TAMS 0x0000000082400000, 0x0000000082400000| Untracked 
|   9|0x0000000082500000, 0x0000000082500000, 0x0000000082600000|  0%| F|  |TAMS 0x0000000082500000, 0x0000000082500000| Untracked 
|  10|0x0000000082600000, 0x0000000082600000, 0x0000000082700000|  0%| F|  |TAMS 0x0000000082600000, 0x0000000082600000| Untracked 
|  11|0x0000000082700000, 0x0000000082700000, 0x0000000082800000|  0%| F|  |TAMS 0x0000000082700000, 0x0000000082700000| Untracked 
|  12|0x0000000082800000, 0x0000000082800000, 0x0000000082900000|  0%| F|  |TAMS 0x0000000082800000, 0x0000000082800000| Untracked 
|  13|0x0000000082900000, 0x0000000082900000, 0x0000000082a00000|  0%| F|  |TAMS 0x0000000082900000, 0x0000000082900000| Untracked 
|  14|0x0000000082a00000, 0x0000000082a00000, 0x0000000082b00000|  0%| F|  |TAMS 0x0000000082a00000, 0x0000000082a00000| Untracked 
|  15|0x0000000082b00000, 0x0000000082b00000, 0x0000000082c00000|  0%| F|  |TAMS 0x0000000082b00000, 0x0000000082b00000| Untracked 
|  16|0x0000000082c00000, 0x0000000082c00000, 0x0000000082d00000|  0%| F|  |TAMS 0x0000000082c00000, 0x0000000082c00000| Untracked 
|  17|0x0000000082d00000, 0x0000000082d00000, 0x0000000082e00000|  0%| F|  |TAMS 0x0000000082d00000, 0x0000000082d00000| Untracked 
|  18|0x0000000082e00000, 0x0000000082e00000, 0x0000000082f00000|  0%| F|  |TAMS 0x0000000082e00000, 0x0000000082e00000| Untracked 
|  19|0x0000000082f00000, 0x0000000082f00000, 0x0000000083000000|  0%| F|  |TAMS 0x0000000082f00000, 0x0000000082f00000| Untracked 
|  20|0x0000000083000000, 0x0000000083000000, 0x0000000083100000|  0%| F|  |TAMS 0x0000000083000000, 0x0000000083000000| Untracked 
|  21|0x0000000083100000, 0x0000000083100000, 0x0000000083200000|  0%| F|  |TAMS 0x0000000083100000, 0x0000000083100000| Untracked 
|  22|0x0000000083200000, 0x0000000083200000, 0x0000000083300000|  0%| F|  |TAMS 0x0000000083200000, 0x0000000083200000| Untracked 
|  23|0x0000000083300000, 0x0000000083300000, 0x0000000083400000|  0%| F|  |TAMS 0x0000000083300000, 0x0000000083300000| Untracked 
|  24|0x0000000083400000, 0x0000000083400000, 0x0000000083500000|  0%| F|  |TAMS 0x0000000083400000, 0x0000000083400000| Untracked 
|  25|0x0000000083500000, 0x0000000083500000, 0x0000000083600000|  0%| F|  |TAMS 0x0000000083500000, 0x0000000083500000| Untracked 
|  26|0x0000000083600000, 0x0000000083600000, 0x0000000083700000|  0%| F|  |TAMS 0x0000000083600000, 0x0000000083600000| Untracked 
|  27|0x0000000083700000, 0x0000000083700000, 0x0000000083800000|  0%| F|  |TAMS 0x0000000083700000, 0x0000000083700000| Untracked 
|  28|0x0000000083800000, 0x0000000083800000, 0x0000000083900000|  0%| F|  |TAMS 0x0000000083800000, 0x0000000083800000| Untracked 
|  29|0x0000000083900000, 0x0000000083900000, 0x0000000083a00000|  0%| F|  |TAMS 0x0000000083900000, 0x0000000083900000| Untracked 
|  30|0x0000000083a00000, 0x0000000083a00000, 0x0000000083b00000|  0%| F|  |TAMS 0x0000000083a00000, 0x0000000083a00000| Untracked 
|  31|0x0000000083b00000, 0x0000000083b00000, 0x0000000083c00000|  0%| F|  |TAMS 0x0000000083b00000, 0x0000000083b00000| Untracked 
|  32|0x0000000083c00000, 0x0000000083c00000, 0x0000000083d00000|  0%| F|  |TAMS 0x0000000083c00000, 0x0000000083c00000| Untracked 
|  33|0x0000000083d00000, 0x0000000083d00000, 0x0000000083e00000|  0%| F|  |TAMS 0x0000000083d00000, 0x0000000083d00000| Untracked 
|  34|0x0000000083e00000, 0x0000000083e00000, 0x0000000083f00000|  0%| F|  |TAMS 0x0000000083e00000, 0x0000000083e00000| Untracked 
|  35|0x0000000083f00000, 0x0000000083f00000, 0x0000000084000000|  0%| F|  |TAMS 0x0000000083f00000, 0x0000000083f00000| Untracked 
|  36|0x0000000084000000, 0x0000000084000000, 0x0000000084100000|  0%| F|  |TAMS 0x0000000084000000, 0x0000000084000000| Untracked 
|  37|0x0000000084100000, 0x0000000084100000, 0x0000000084200000|  0%| F|  |TAMS 0x0000000084100000, 0x0000000084100000| Untracked 
|  38|0x0000000084200000, 0x0000000084200000, 0x0000000084300000|  0%| F|  |TAMS 0x0000000084200000, 0x0000000084200000| Untracked 
|  39|0x0000000084300000, 0x0000000084300000, 0x0000000084400000|  0%| F|  |TAMS 0x0000000084300000, 0x0000000084300000| Untracked 
|  40|0x0000000084400000, 0x0000000084400000, 0x0000000084500000|  0%| F|  |TAMS 0x0000000084400000, 0x0000000084400000| Untracked 
|  41|0x0000000084500000, 0x0000000084500000, 0x0000000084600000|  0%| F|  |TAMS 0x0000000084500000, 0x0000000084500000| Untracked 
|  42|0x0000000084600000, 0x0000000084600000, 0x0000000084700000|  0%| F|  |TAMS 0x0000000084600000, 0x0000000084600000| Untracked 
|  43|0x0000000084700000, 0x0000000084700000, 0x0000000084800000|  0%| F|  |TAMS 0x0000000084700000, 0x0000000084700000| Untracked 
|  44|0x0000000084800000, 0x0000000084800000, 0x0000000084900000|  0%| F|  |TAMS 0x0000000084800000, 0x0000000084800000| Untracked 
|  45|0x0000000084900000, 0x0000000084900000, 0x0000000084a00000|  0%| F|  |TAMS 0x0000000084900000, 0x0000000084900000| Untracked 
|  46|0x0000000084a00000, 0x0000000084a00000, 0x0000000084b00000|  0%| F|  |TAMS 0x0000000084a00000, 0x0000000084a00000| Untracked 
|  47|0x0000000084b00000, 0x0000000084b00000, 0x0000000084c00000|  0%| F|  |TAMS 0x0000000084b00000, 0x0000000084b00000| Untracked 
|  48|0x0000000084c00000, 0x0000000084c00000, 0x0000000084d00000|  0%| F|  |TAMS 0x0000000084c00000, 0x0000000084c00000| Untracked 
|  49|0x0000000084d00000, 0x0000000084d00000, 0x0000000084e00000|  0%| F|  |TAMS 0x0000000084d00000, 0x0000000084d00000| Untracked 
|  50|0x0000000084e00000, 0x0000000084e00000, 0x0000000084f00000|  0%| F|  |TAMS 0x0000000084e00000, 0x0000000084e00000| Untracked 
|  51|0x0000000084f00000, 0x0000000084f00000, 0x0000000085000000|  0%| F|  |TAMS 0x0000000084f00000, 0x0000000084f00000| Untracked 
|  52|0x0000000085000000, 0x0000000085000000, 0x0000000085100000|  0%| F|  |TAMS 0x0000000085000000, 0x0000000085000000| Untracked 
|  53|0x0000000085100000, 0x0000000085100000, 0x0000000085200000|  0%| F|  |TAMS 0x0000000085100000, 0x0000000085100000| Untracked 
|  54|0x0000000085200000, 0x0000000085200000, 0x0000000085300000|  0%| F|  |TAMS 0x0000000085200000, 0x0000000085200000| Untracked 
|  55|0x0000000085300000, 0x0000000085300000, 0x0000000085400000|  0%| F|  |TAMS 0x0000000085300000, 0x0000000085300000| Untracked 
|  56|0x0000000085400000, 0x0000000085400000, 0x0000000085500000|  0%| F|  |TAMS 0x0000000085400000, 0x0000000085400000| Untracked 
|  57|0x0000000085500000, 0x0000000085500000, 0x0000000085600000|  0%| F|  |TAMS 0x0000000085500000, 0x0000000085500000| Untracked 
|  58|0x0000000085600000, 0x0000000085600000, 0x0000000085700000|  0%| F|  |TAMS 0x0000000085600000, 0x0000000085600000| Untracked 
|  59|0x0000000085700000, 0x0000000085700000, 0x0000000085800000|  0%| F|  |TAMS 0x0000000085700000, 0x0000000085700000| Untracked 
|  60|0x0000000085800000, 0x0000000085800000, 0x0000000085900000|  0%| F|  |TAMS 0x0000000085800000, 0x0000000085800000| Untracked 
|  61|0x0000000085900000, 0x0000000085900000, 0x0000000085a00000|  0%| F|  |TAMS 0x0000000085900000, 0x0000000085900000| Untracked 
|  62|0x0000000085a00000, 0x0000000085a00000, 0x0000000085b00000|  0%| F|  |TAMS 0x0000000085a00000, 0x0000000085a00000| Untracked 
|  63|0x0000000085b00000, 0x0000000085b00000, 0x0000000085c00000|  0%| F|  |TAMS 0x0000000085b00000, 0x0000000085b00000| Untracked 
|  64|0x0000000085c00000, 0x0000000085c00000, 0x0000000085d00000|  0%| F|  |TAMS 0x0000000085c00000, 0x0000000085c00000| Untracked 
|  65|0x0000000085d00000, 0x0000000085d00000, 0x0000000085e00000|  0%| F|  |TAMS 0x0000000085d00000, 0x0000000085d00000| Untracked 
|  66|0x0000000085e00000, 0x0000000085e00000, 0x0000000085f00000|  0%| F|  |TAMS 0x0000000085e00000, 0x0000000085e00000| Untracked 
|  67|0x0000000085f00000, 0x0000000085f00000, 0x0000000086000000|  0%| F|  |TAMS 0x0000000085f00000, 0x0000000085f00000| Untracked 
|  68|0x0000000086000000, 0x0000000086000000, 0x0000000086100000|  0%| F|  |TAMS 0x0000000086000000, 0x0000000086000000| Untracked 
|  69|0x0000000086100000, 0x0000000086100000, 0x0000000086200000|  0%| F|  |TAMS 0x0000000086100000, 0x0000000086100000| Untracked 
|  70|0x0000000086200000, 0x0000000086200000, 0x0000000086300000|  0%| F|  |TAMS 0x0000000086200000, 0x0000000086200000| Untracked 
|  71|0x0000000086300000, 0x0000000086300000, 0x0000000086400000|  0%| F|  |TAMS 0x0000000086300000, 0x0000000086300000| Untracked 
|  72|0x0000000086400000, 0x0000000086400000, 0x0000000086500000|  0%| F|  |TAMS 0x0000000086400000, 0x0000000086400000| Untracked 
|  73|0x0000000086500000, 0x0000000086500000, 0x0000000086600000|  0%| F|  |TAMS 0x0000000086500000, 0x0000000086500000| Untracked 
|  74|0x0000000086600000, 0x0000000086600000, 0x0000000086700000|  0%| F|  |TAMS 0x0000000086600000, 0x0000000086600000| Untracked 
|  75|0x0000000086700000, 0x0000000086700000, 0x0000000086800000|  0%| F|  |TAMS 0x0000000086700000, 0x0000000086700000| Untracked 
|  76|0x0000000086800000, 0x0000000086800000, 0x0000000086900000|  0%| F|  |TAMS 0x0000000086800000, 0x0000000086800000| Untracked 
|  77|0x0000000086900000, 0x0000000086900000, 0x0000000086a00000|  0%| F|  |TAMS 0x0000000086900000, 0x0000000086900000| Untracked 
|  78|0x0000000086a00000, 0x0000000086a00000, 0x0000000086b00000|  0%| F|  |TAMS 0x0000000086a00000, 0x0000000086a00000| Untracked 
|  79|0x0000000086b00000, 0x0000000086b00000, 0x0000000086c00000|  0%| F|  |TAMS 0x0000000086b00000, 0x0000000086b00000| Untracked 
|  80|0x0000000086c00000, 0x0000000086c00000, 0x0000000086d00000|  0%| F|  |TAMS 0x0000000086c00000, 0x0000000086c00000| Untracked 
|  81|0x0000000086d00000, 0x0000000086d00000, 0x0000000086e00000|  0%| F|  |TAMS 0x0000000086d00000, 0x0000000086d00000| Untracked 
|  82|0x0000000086e00000, 0x0000000086e00000, 0x0000000086f00000|  0%| F|  |TAMS 0x0000000086e00000, 0x0000000086e00000| Untracked 
|  83|0x0000000086f00000, 0x0000000086f00000, 0x0000000087000000|  0%| F|  |TAMS 0x0000000086f00000, 0x0000000086f00000| Untracked 
|  84|0x0000000087000000, 0x0000000087000000, 0x0000000087100000|  0%| F|  |TAMS 0x0000000087000000, 0x0000000087000000| Untracked 
|  85|0x0000000087100000, 0x0000000087100000, 0x0000000087200000|  0%| F|  |TAMS 0x0000000087100000, 0x0000000087100000| Untracked 
|  86|0x0000000087200000, 0x0000000087200000, 0x0000000087300000|  0%| F|  |TAMS 0x0000000087200000, 0x0000000087200000| Untracked 
|  87|0x0000000087300000, 0x0000000087300000, 0x0000000087400000|  0%| F|  |TAMS 0x0000000087300000, 0x0000000087300000| Untracked 
|  88|0x0000000087400000, 0x0000000087400000, 0x0000000087500000|  0%| F|  |TAMS 0x0000000087400000, 0x0000000087400000| Untracked 
|  89|0x0000000087500000, 0x0000000087500000, 0x0000000087600000|  0%| F|  |TAMS 0x0000000087500000, 0x0000000087500000| Untracked 
|  90|0x0000000087600000, 0x0000000087600000, 0x0000000087700000|  0%| F|  |TAMS 0x0000000087600000, 0x0000000087600000| Untracked 
|  91|0x0000000087700000, 0x0000000087700000, 0x0000000087800000|  0%| F|  |TAMS 0x0000000087700000, 0x0000000087700000| Untracked 
|  92|0x0000000087800000, 0x0000000087800000, 0x0000000087900000|  0%| F|  |TAMS 0x0000000087800000, 0x0000000087800000| Untracked 
|  93|0x0000000087900000, 0x0000000087900000, 0x0000000087a00000|  0%| F|  |TAMS 0x0000000087900000, 0x0000000087900000| Untracked 
|  94|0x0000000087a00000, 0x0000000087a00000, 0x0000000087b00000|  0%| F|  |TAMS 0x0000000087a00000, 0x0000000087a00000| Untracked 
|  95|0x0000000087b00000, 0x0000000087b00000, 0x0000000087c00000|  0%| F|  |TAMS 0x0000000087b00000, 0x0000000087b00000| Untracked 
|  96|0x0000000087c00000, 0x0000000087c00000, 0x0000000087d00000|  0%| F|  |TAMS 0x0000000087c00000, 0x0000000087c00000| Untracked 
|  97|0x0000000087d00000, 0x0000000087d00000, 0x0000000087e00000|  0%| F|  |TAMS 0x0000000087d00000, 0x0000000087d00000| Untracked 
|  98|0x0000000087e00000, 0x0000000087e00000, 0x0000000087f00000|  0%| F|  |TAMS 0x0000000087e00000, 0x0000000087e00000| Untracked 
|  99|0x0000000087f00000, 0x0000000087f00000, 0x0000000088000000|  0%| F|  |TAMS 0x0000000087f00000, 0x0000000087f00000| Untracked 
| 100|0x0000000088000000, 0x0000000088000000, 0x0000000088100000|  0%| F|  |TAMS 0x0000000088000000, 0x0000000088000000| Untracked 
| 101|0x0000000088100000, 0x0000000088100000, 0x0000000088200000|  0%| F|  |TAMS 0x0000000088100000, 0x0000000088100000| Untracked 
| 102|0x0000000088200000, 0x0000000088200000, 0x0000000088300000|  0%| F|  |TAMS 0x0000000088200000, 0x0000000088200000| Untracked 
| 103|0x0000000088300000, 0x0000000088300000, 0x0000000088400000|  0%| F|  |TAMS 0x0000000088300000, 0x0000000088300000| Untracked 
| 104|0x0000000088400000, 0x0000000088400000, 0x0000000088500000|  0%| F|  |TAMS 0x0000000088400000, 0x0000000088400000| Untracked 
| 105|0x0000000088500000, 0x0000000088500000, 0x0000000088600000|  0%| F|  |TAMS 0x0000000088500000, 0x0000000088500000| Untracked 
| 106|0x0000000088600000, 0x0000000088600000, 0x0000000088700000|  0%| F|  |TAMS 0x0000000088600000, 0x0000000088600000| Untracked 
| 107|0x0000000088700000, 0x0000000088700000, 0x0000000088800000|  0%| F|  |TAMS 0x0000000088700000, 0x0000000088700000| Untracked 
| 108|0x0000000088800000, 0x0000000088800000, 0x0000000088900000|  0%| F|  |TAMS 0x0000000088800000, 0x0000000088800000| Untracked 
| 109|0x0000000088900000, 0x0000000088900000, 0x0000000088a00000|  0%| F|  |TAMS 0x0000000088900000, 0x0000000088900000| Untracked 
| 110|0x0000000088a00000, 0x0000000088a00000, 0x0000000088b00000|  0%| F|  |TAMS 0x0000000088a00000, 0x0000000088a00000| Untracked 
| 111|0x0000000088b00000, 0x0000000088b00000, 0x0000000088c00000|  0%| F|  |TAMS 0x0000000088b00000, 0x0000000088b00000| Untracked 
| 112|0x0000000088c00000, 0x0000000088c00000, 0x0000000088d00000|  0%| F|  |TAMS 0x0000000088c00000, 0x0000000088c00000| Untracked 
| 113|0x0000000088d00000, 0x0000000088e00000, 0x0000000088e00000|100%| S|CS|TAMS 0x0000000088d00000, 0x0000000088d00000| Complete 
| 114|0x0000000088e00000, 0x0000000088f00000, 0x0000000088f00000|100%| S|CS|TAMS 0x0000000088e00000, 0x0000000088e00000| Complete 
| 115|0x0000000088f00000, 0x0000000088f00000, 0x0000000089000000|  0%| F|  |TAMS 0x0000000088f00000, 0x0000000088f00000| Untracked 
| 116|0x0000000089000000, 0x0000000089000000, 0x0000000089100000|  0%| F|  |TAMS 0x0000000089000000, 0x0000000089000000| Untracked 
| 117|0x0000000089100000, 0x0000000089100000, 0x0000000089200000|  0%| F|  |TAMS 0x0000000089100000, 0x0000000089100000| Untracked 
| 118|0x0000000089200000, 0x0000000089200000, 0x0000000089300000|  0%| F|  |TAMS 0x0000000089200000, 0x0000000089200000| Untracked 
| 119|0x0000000089300000, 0x0000000089300000, 0x0000000089400000|  0%| F|  |TAMS 0x0000000089300000, 0x0000000089300000| Untracked 
| 120|0x0000000089400000, 0x0000000089400000, 0x0000000089500000|  0%| F|  |TAMS 0x0000000089400000, 0x0000000089400000| Untracked 
| 121|0x0000000089500000, 0x0000000089500000, 0x0000000089600000|  0%| F|  |TAMS 0x0000000089500000, 0x0000000089500000| Untracked 
| 122|0x0000000089600000, 0x0000000089600000, 0x0000000089700000|  0%| F|  |TAMS 0x0000000089600000, 0x0000000089600000| Untracked 
| 123|0x0000000089700000, 0x0000000089700000, 0x0000000089800000|  0%| F|  |TAMS 0x0000000089700000, 0x0000000089700000| Untracked 
| 124|0x0000000089800000, 0x0000000089800000, 0x0000000089900000|  0%| F|  |TAMS 0x0000000089800000, 0x0000000089800000| Untracked 
| 125|0x0000000089900000, 0x000000008992f830, 0x0000000089a00000| 18%| E|  |TAMS 0x0000000089900000, 0x0000000089900000| Complete 
| 126|0x0000000089a00000, 0x0000000089b00000, 0x0000000089b00000|100%| E|CS|TAMS 0x0000000089a00000, 0x0000000089a00000| Complete 
| 127|0x0000000089b00000, 0x0000000089c00000, 0x0000000089c00000|100%| E|CS|TAMS 0x0000000089b00000, 0x0000000089b00000| Complete 

Card table byte_map: [0x0000017cfd3d0000,0x0000017cfd7d0000] _byte_map_base: 0x0000017cfcfc2000

Marking Bits (Prev, Next): (CMBitMap*) 0x0000017cfcf27de0, (CMBitMap*) 0x0000017cfcf27e20
 Prev Bits: [0x0000017cfdbd0000, 0x0000017cffb60000)
 Next Bits: [0x0000017c925e0000, 0x0000017c94570000)

Polling page: 0x0000017cfadc0000

Metaspace:

Usage:
  Non-class:     14.15 MB used.
      Class:      1.65 MB used.
       Both:     15.80 MB used.

Virtual space:
  Non-class space:       16.00 MB reserved,      14.19 MB ( 89%) committed,  2 nodes.
      Class space:        1.00 GB reserved,       1.75 MB ( <1%) committed,  1 nodes.
             Both:        1.02 GB reserved,      15.94 MB (  2%) committed. 

Chunk freelists:
   Non-Class:  1.00 MB
       Class:  2.23 MB
        Both:  3.23 MB

MaxMetaspaceSize: unlimited
CompressedClassSpaceSize: 1.00 GB
Initial GC threshold: 21.00 MB
Current GC threshold: 21.00 MB
CDS: off
MetaspaceReclaimPolicy: balanced
 - commit_granule_bytes: 65536.
 - commit_granule_words: 8192.
 - virtual_space_node_default_size: 1048576.
 - enlarge_chunks_in_place: 1.
 - new_chunks_are_fully_committed: 0.
 - uncommit_free_chunks: 1.
 - use_allocation_guard: 0.
 - handle_deallocations: 1.


Internal statistics:

num_allocs_failed_limit: 0.
num_arena_births: 112.
num_arena_deaths: 0.
num_vsnodes_births: 3.
num_vsnodes_deaths: 0.
num_space_committed: 255.
num_space_uncommitted: 0.
num_chunks_returned_to_freelist: 0.
num_chunks_taken_from_freelist: 198.
num_chunk_merges: 0.
num_chunk_splits: 91.
num_chunks_enlarged: 23.
num_purges: 0.
num_inconsistent_stats: 0.

CodeHeap 'non-profiled nmethods': size=120000Kb used=691Kb max_used=691Kb free=119308Kb
 bounds [0x0000017c8b0b0000, 0x0000017c8b320000, 0x0000017c925e0000]
CodeHeap 'profiled nmethods': size=120000Kb used=2691Kb max_used=2691Kb free=117309Kb
 bounds [0x0000017c83b80000, 0x0000017c83e30000, 0x0000017c8b0b0000]
CodeHeap 'non-nmethods': size=5760Kb used=1263Kb max_used=1324Kb free=4496Kb
 bounds [0x0000017c835e0000, 0x0000017c83850000, 0x0000017c83b80000]
 total_blobs=2169 nmethods=1581 adapters=501
 compilation: enabled
              stopped_count=0, restarted_count=0
 full_count=0

Compilation events (20 events):
Event: 50.535 Thread 0x0000017c9675eae0 nmethod 1573 0x0000017c8b156390 code [0x0000017c8b156560, 0x0000017c8b1572f0]
Event: 50.793 Thread 0x0000017c9675fbc0 1574       3       java.util.LinkedList$ListItr::remove (84 bytes)
Event: 50.793 Thread 0x0000017c9675fbc0 nmethod 1574 0x0000017c83e1c890 code [0x0000017c83e1ca80, 0x0000017c83e1cee8]
Event: 50.945 Thread 0x0000017c9675eae0 1575   !   4       java.awt.Container::dispatchEventImpl (129 bytes)
Event: 50.991 Thread 0x0000017c9675eae0 nmethod 1575 0x0000017c8b157b10 code [0x0000017c8b157f20, 0x0000017c8b15aa30]
Event: 51.464 Thread 0x0000017c9675fbc0 1576       3       sun.awt.windows.WToolkit::isComponentValidForTouchKeyboard (56 bytes)
Event: 51.464 Thread 0x0000017c9675fbc0 nmethod 1576 0x0000017c83e1d090 code [0x0000017c83e1d2a0, 0x0000017c83e1dd18]
Event: 52.119 Thread 0x0000017c9675eae0 1577       4       java.awt.EventQueue$4::run (5 bytes)
Event: 52.120 Thread 0x0000017c9675eae0 nmethod 1577 0x0000017c8b15c610 code [0x0000017c8b15c7a0, 0x0000017c8b15c888]
Event: 52.120 Thread 0x0000017c9675eae0 1578       4       java.awt.EventQueue$4::run (60 bytes)
Event: 52.120 Thread 0x0000017c9675eae0 nmethod 1578 0x0000017c8b15c990 code [0x0000017c8b15cb20, 0x0000017c8b15cc08]
Event: 52.237 Thread 0x0000017c9675fbc0 1579       3       javax.swing.plaf.basic.BasicComboPopup$Handler::mouseMoved (56 bytes)
Event: 52.237 Thread 0x0000017c9675fbc0 nmethod 1579 0x0000017c83e1df10 code [0x0000017c83e1e120, 0x0000017c83e1e8a8]
Event: 52.247 Thread 0x0000017c9675fbc0 1580       3       java.util.LinkedList::linkFirst (59 bytes)
Event: 52.247 Thread 0x0000017c9675fbc0 nmethod 1580 0x0000017c83e1eb90 code [0x0000017c83e1ed60, 0x0000017c83e1f1b8]
Event: 52.270 Thread 0x0000017c9675fbc0 1581       3       java.awt.geom.AffineTransform::setToTranslation (66 bytes)
Event: 52.270 Thread 0x0000017c9675fbc0 nmethod 1581 0x0000017c83e1f310 code [0x0000017c83e1f4a0, 0x0000017c83e1f6f8]
Event: 52.270 Thread 0x0000017c9675fbc0 1582       3       java.awt.geom.AffineTransform::concatenate (1082 bytes)
Event: 52.271 Thread 0x0000017c9675fbc0 nmethod 1582 0x0000017c83e1f790 code [0x0000017c83e1f9e0, 0x0000017c83e209b8]
Event: 441.188 Thread 0x0000017c9675fbc0 1583       3       java.lang.invoke.MethodHandles$Lookup::checkSecurityManager (97 bytes)

GC Heap History (2 events):
Event: 49.595 GC heap before
{Heap before GC invocations=0 (full 0):
 garbage-first heap   total 131072K, used 15360K [0x0000000081c00000, 0x0000000100000000)
  region size 1024K, 13 young (13312K), 0 survivors (0K)
 Metaspace       used 16158K, committed 16320K, reserved 1064960K
  class space    used 1687K, committed 1792K, reserved 1048576K
}
Event: 49.598 GC heap after
{Heap after GC invocations=1 (full 0):
 garbage-first heap   total 131072K, used 4096K [0x0000000081c00000, 0x0000000100000000)
  region size 1024K, 2 young (2048K), 2 survivors (2048K)
 Metaspace       used 16158K, committed 16320K, reserved 1064960K
  class space    used 1687K, committed 1792K, reserved 1048576K
}

Deoptimization events (20 events):
Event: 14.918 Thread 0x0000017c976863d0 Uncommon trap: trap_request=0xffffff3d fr.pc=0x0000017c8b11a3dc relative=0x000000000000049c
Event: 14.918 Thread 0x0000017c976863d0 Uncommon trap: reason=unstable_fused_if action=reinterpret pc=0x0000017c8b11a3dc method=java.awt.AWTEvent.<init>(Ljava/lang/Object;I)V @ 28 c2
Event: 14.918 Thread 0x0000017c976863d0 DEOPT PACKING pc=0x0000017c8b11a3dc sp=0x000000276d1fe250
Event: 14.918 Thread 0x0000017c976863d0 DEOPT UNPACKING pc=0x0000017c836323a3 sp=0x000000276d1fe240 mode 2
Event: 54.197 Thread 0x0000017c976863d0 Uncommon trap: trap_request=0xffffff45 fr.pc=0x0000017c8b0fc73c relative=0x000000000000027c
Event: 54.197 Thread 0x0000017c976863d0 Uncommon trap: reason=unstable_if action=reinterpret pc=0x0000017c8b0fc73c method=java.security.AccessController.getContext()Ljava/security/AccessControlContext; @ 5 c2
Event: 54.197 Thread 0x0000017c976863d0 DEOPT PACKING pc=0x0000017c8b0fc73c sp=0x000000276d1fe630
Event: 54.197 Thread 0x0000017c976863d0 DEOPT UNPACKING pc=0x0000017c836323a3 sp=0x000000276d1fe5d8 mode 2
Event: 54.217 Thread 0x0000017c976863d0 Uncommon trap: trap_request=0xffffff45 fr.pc=0x0000017c8b1397bc relative=0x000000000000327c
Event: 54.217 Thread 0x0000017c976863d0 Uncommon trap: reason=unstable_if action=reinterpret pc=0x0000017c8b1397bc method=java.awt.EventQueue.getPriority(Ljava/awt/AWTEvent;)I @ 4 c2
Event: 54.217 Thread 0x0000017c976863d0 DEOPT PACKING pc=0x0000017c8b1397bc sp=0x000000276d1fe980
Event: 54.217 Thread 0x0000017c976863d0 DEOPT UNPACKING pc=0x0000017c836323a3 sp=0x000000276d1fe848 mode 2
Event: 54.217 Thread 0x0000017c976863d0 Uncommon trap: trap_request=0xffffff45 fr.pc=0x0000017c8b148edc relative=0x00000000000025fc
Event: 54.217 Thread 0x0000017c976863d0 Uncommon trap: reason=unstable_if action=reinterpret pc=0x0000017c8b148edc method=java.awt.EventQueue.eventToCacheIndex(Ljava/awt/AWTEvent;)I @ 71 c2
Event: 54.217 Thread 0x0000017c976863d0 DEOPT PACKING pc=0x0000017c8b148edc sp=0x000000276d1ff230
Event: 54.217 Thread 0x0000017c976863d0 DEOPT UNPACKING pc=0x0000017c836323a3 sp=0x000000276d1ff0b8 mode 2
Event: 54.217 Thread 0x0000017c976863d0 Uncommon trap: trap_request=0xffffffde fr.pc=0x0000017c8b142684 relative=0x0000000000003104
Event: 54.217 Thread 0x0000017c976863d0 Uncommon trap: reason=class_check action=maybe_recompile pc=0x0000017c8b142684 method=java.awt.EventQueue.setCurrentEventAndMostRecentTimeImpl(Ljava/awt/AWTEvent;)V @ 141 c2
Event: 54.217 Thread 0x0000017c976863d0 DEOPT PACKING pc=0x0000017c8b142684 sp=0x000000276d1ff1d0
Event: 54.217 Thread 0x0000017c976863d0 DEOPT UNPACKING pc=0x0000017c836323a3 sp=0x000000276d1feec0 mode 2

Classes unloaded (0 events):
No events

Classes redefined (0 events):
No events

Internal exceptions (13 events):
Event: 0.187 Thread 0x0000017cfcee9ff0 Exception <a 'java/lang/ClassNotFoundException'{0x0000000089a3a488}: sun/awt/resources/spi/awtProvider> (0x0000000089a3a488) 
thrown [e:\jenkins\tmp\workspace\build\src\src\hotspot\share\classfile\systemDictionary.cpp, line 256]
Event: 0.218 Thread 0x0000017cfcee9ff0 Exception <a 'java/io/FileNotFoundException'{0x0000000089a95790}> (0x0000000089a95790) 
thrown [e:\jenkins\tmp\workspace\build\src\src\hotspot\share\prims\jni.cpp, line 516]
Event: 0.226 Thread 0x0000017cfcee9ff0 Exception <a 'java/io/FileNotFoundException'{0x0000000089ac2778}> (0x0000000089ac2778) 
thrown [e:\jenkins\tmp\workspace\build\src\src\hotspot\share\prims\jni.cpp, line 516]
Event: 0.275 Thread 0x0000017cfcee9ff0 Exception <a 'java/lang/NoSuchMethodError'{0x0000000089af8fa0}: 'java.lang.Object java.lang.invoke.DirectMethodHandle$Holder.invokeStaticInit(java.lang.Object)'> (0x0000000089af8fa0) 
thrown [e:\jenkins\tmp\workspace\build\src\src\hotspot\share\interpreter\linkResolver.cpp, line 766]
Event: 0.333 Thread 0x0000017c976863d0 Exception <a 'java/lang/NoSuchMethodError'{0x0000000089811798}: 'void java.lang.invoke.DirectMethodHandle$Holder.invokeSpecial(java.lang.Object, java.lang.Object, java.lang.Object)'> (0x0000000089811798) 
thrown [e:\jenkins\tmp\workspace\build\src\src\hotspot\share\interpreter\linkResolver.cpp, line 766]
Event: 0.342 Thread 0x0000017c976863d0 Exception <a 'java/lang/NoSuchMethodError'{0x000000008983b868}: 'java.lang.Object java.lang.invoke.DirectMethodHandle$Holder.newInvokeSpecial(java.lang.Object, java.lang.Object, java.lang.Object, java.lang.Object, java.lang.Object)'> (0x000000008983b868) 
thrown [e:\jenkins\tmp\workspace\build\src\src\hotspot\share\interpreter\linkResolver.cpp, line 766]
Event: 0.343 Thread 0x0000017c976863d0 Exception <a 'java/lang/NoSuchMethodError'{0x0000000089847488}: 'java.lang.Object java.lang.invoke.DirectMethodHandle$Holder.invokeStatic(java.lang.Object, int, java.lang.Object, java.lang.Object, java.lang.Object, java.lang.Object)'> (0x0000000089847488) 
thrown [e:\jenkins\tmp\workspace\build\src\src\hotspot\share\interpreter\linkResolver.cpp, line 766]
Event: 0.347 Thread 0x0000017c976863d0 Exception <a 'java/lang/NoSuchMethodError'{0x000000008986cc48}: 'java.lang.Object java.lang.invoke.DirectMethodHandle$Holder.invokeStatic(java.lang.Object, int, java.lang.Object)'> (0x000000008986cc48) 
thrown [e:\jenkins\tmp\workspace\build\src\src\hotspot\share\interpreter\linkResolver.cpp, line 766]
Event: 0.374 Thread 0x0000017c976863d0 Exception <a 'java/lang/ClassNotFoundException'{0x00000000897255a0}: com/sun/swing/internal/plaf/metal/resources/spi/metalProvider> (0x00000000897255a0) 
thrown [e:\jenkins\tmp\workspace\build\src\src\hotspot\share\classfile\systemDictionary.cpp, line 256]
Event: 0.375 Thread 0x0000017c976863d0 Exception <a 'java/lang/ClassNotFoundException'{0x0000000089729478}: com/sun/swing/internal/plaf/basic/resources/spi/basicProvider> (0x0000000089729478) 
thrown [e:\jenkins\tmp\workspace\build\src\src\hotspot\share\classfile\systemDictionary.cpp, line 256]
Event: 0.530 Thread 0x0000017c976863d0 Exception <a 'java/lang/NoSuchMethodError'{0x0000000089682fb8}: 'void java.lang.invoke.DirectMethodHandle$Holder.invokeStaticInit(java.lang.Object)'> (0x0000000089682fb8) 
thrown [e:\jenkins\tmp\workspace\build\src\src\hotspot\share\interpreter\linkResolver.cpp, line 766]
Event: 0.546 Thread 0x0000017c97687240 Exception <a 'java/lang/NoSuchMethodError'{0x00000000899528b8}: 'void java.lang.invoke.DirectMethodHandle$Holder.invokeVirtual(java.lang.Object, java.lang.Object)'> (0x00000000899528b8) 
thrown [e:\jenkins\tmp\workspace\build\src\src\hotspot\share\interpreter\linkResolver.cpp, line 766]
Event: 54.197 Thread 0x0000017c976863d0 Implicit null exception at 0x0000017c8b0fc4e0 to 0x0000017c8b0fc72f

VM Operations (20 events):
Event: 14.324 Executing VM operation: HandshakeAllThreads
Event: 14.324 Executing VM operation: HandshakeAllThreads done
Event: 15.325 Executing VM operation: Cleanup
Event: 15.325 Executing VM operation: Cleanup done
Event: 16.327 Executing VM operation: Cleanup
Event: 16.327 Executing VM operation: Cleanup done
Event: 20.329 Executing VM operation: Cleanup
Event: 20.330 Executing VM operation: Cleanup done
Event: 24.332 Executing VM operation: Cleanup
Event: 24.332 Executing VM operation: Cleanup done
Event: 48.347 Executing VM operation: Cleanup
Event: 48.347 Executing VM operation: Cleanup done
Event: 49.348 Executing VM operation: Cleanup
Event: 49.348 Executing VM operation: Cleanup done
Event: 49.595 Executing VM operation: G1CollectForAllocation
Event: 49.598 Executing VM operation: G1CollectForAllocation done
Event: 51.598 Executing VM operation: Cleanup
Event: 51.598 Executing VM operation: Cleanup done
Event: 54.599 Executing VM operation: Cleanup
Event: 54.599 Executing VM operation: Cleanup done

Events (20 events):
Event: 14.323 loading class javax/swing/PopupFactory$LightWeightPopup
Event: 14.323 loading class javax/swing/PopupFactory$ContainerPopup
Event: 14.323 loading class javax/swing/Popup
Event: 14.323 loading class javax/swing/Popup done
Event: 14.323 loading class javax/swing/PopupFactory$ContainerPopup done
Event: 14.323 loading class javax/swing/PopupFactory$LightWeightPopup done
Event: 14.323 loading class javax/swing/JDialog
Event: 14.324 loading class javax/swing/JDialog done
Event: 14.324 loading class javax/swing/JApplet
Event: 14.324 loading class javax/swing/JApplet done
Event: 14.327 loading class sun/awt/UngrabEvent
Event: 14.327 loading class sun/awt/UngrabEvent done
Event: 14.334 loading class java/awt/geom/RectIterator
Event: 14.334 loading class java/awt/geom/RectIterator done
Event: 14.919 loading class javax/swing/plaf/basic/BasicPopupMenuUI$MouseGrabber$2
Event: 14.919 loading class javax/swing/plaf/basic/BasicPopupMenuUI$MouseGrabber$2 done
Event: 54.197 loading class java/awt/KeyboardFocusManager$2
Event: 54.197 loading class java/awt/KeyboardFocusManager$2 done
Event: 54.197 loading class sun/awt/SunToolkit$1
Event: 54.197 loading class sun/awt/SunToolkit$1 done


Dynamic libraries:
0x00007ff717230000 - 0x00007ff71723e000 	C:\Users\ROG\.p2\pool\plugins\org.eclipse.justj.openjdk.hotspot.jre.full.win32.x86_64_17.0.2.v20220201-1208\jre\bin\javaw.exe
0x00007ffaaf6d0000 - 0x00007ffaaf8c5000 	C:\Windows\SYSTEM32\ntdll.dll
0x00007ffaae1b0000 - 0x00007ffaae26d000 	C:\Windows\System32\KERNEL32.DLL
0x00007ffaacf70000 - 0x00007ffaad23d000 	C:\Windows\System32\KERNELBASE.dll
0x00007ffaace70000 - 0x00007ffaacf70000 	C:\Windows\System32\ucrtbase.dll
0x00007ffaa5760000 - 0x00007ffaa5778000 	C:\Users\ROG\.p2\pool\plugins\org.eclipse.justj.openjdk.hotspot.jre.full.win32.x86_64_17.0.2.v20220201-1208\jre\bin\jli.dll
0x00007ffaae010000 - 0x00007ffaae1b0000 	C:\Windows\System32\USER32.dll
0x00007ffaad240000 - 0x00007ffaad262000 	C:\Windows\System32\win32u.dll
0x00007ffaadf70000 - 0x00007ffaadf9a000 	C:\Windows\System32\GDI32.dll
0x00007ffaad430000 - 0x00007ffaad53b000 	C:\Windows\System32\gdi32full.dll
0x00007ffaad390000 - 0x00007ffaad42d000 	C:\Windows\System32\msvcp_win.dll
0x00007ffaa7470000 - 0x00007ffaa7489000 	C:\Users\ROG\.p2\pool\plugins\org.eclipse.justj.openjdk.hotspot.jre.full.win32.x86_64_17.0.2.v20220201-1208\jre\bin\VCRUNTIME140.dll
0x00007ffa95e50000 - 0x00007ffa960ea000 	C:\Windows\WinSxS\amd64_microsoft.windows.common-controls_6595b64144ccf1df_6.0.19041.1110_none_60b5254171f9507e\COMCTL32.dll
0x00007ffaae8d0000 - 0x00007ffaae96e000 	C:\Windows\System32\msvcrt.dll
0x00007ffaae810000 - 0x00007ffaae840000 	C:\Windows\System32\IMM32.DLL
0x00007ffaa8cf0000 - 0x00007ffaa8cfc000 	C:\Users\ROG\.p2\pool\plugins\org.eclipse.justj.openjdk.hotspot.jre.full.win32.x86_64_17.0.2.v20220201-1208\jre\bin\vcruntime140_1.dll
0x00007ffaa56c0000 - 0x00007ffaa5751000 	C:\Users\ROG\.p2\pool\plugins\org.eclipse.justj.openjdk.hotspot.jre.full.win32.x86_64_17.0.2.v20220201-1208\jre\bin\msvcp140.dll
0x00007ffa42ac0000 - 0x00007ffa43707000 	C:\Users\ROG\.p2\pool\plugins\org.eclipse.justj.openjdk.hotspot.jre.full.win32.x86_64_17.0.2.v20220201-1208\jre\bin\server\jvm.dll
0x00007ffaaea90000 - 0x00007ffaaeb3e000 	C:\Windows\System32\ADVAPI32.dll
0x00007ffaaeb40000 - 0x00007ffaaebdc000 	C:\Windows\System32\sechost.dll
0x00007ffaaebe0000 - 0x00007ffaaed05000 	C:\Windows\System32\RPCRT4.dll
0x00007ffaae000000 - 0x00007ffaae008000 	C:\Windows\System32\PSAPI.DLL
0x00007ffaa8c60000 - 0x00007ffaa8c69000 	C:\Windows\SYSTEM32\WSOCK32.dll
0x00007ffaaed10000 - 0x00007ffaaed7b000 	C:\Windows\System32\WS2_32.dll
0x00007ffa99870000 - 0x00007ffa99897000 	C:\Windows\SYSTEM32\WINMM.dll
0x00007ffaa4bc0000 - 0x00007ffaa4bca000 	C:\Windows\SYSTEM32\VERSION.dll
0x00007ffaaace0000 - 0x00007ffaaacf2000 	C:\Windows\SYSTEM32\kernel.appcore.dll
0x00007ffaa7510000 - 0x00007ffaa751a000 	C:\Users\ROG\.p2\pool\plugins\org.eclipse.justj.openjdk.hotspot.jre.full.win32.x86_64_17.0.2.v20220201-1208\jre\bin\jimage.dll
0x00007ffa995c0000 - 0x00007ffa997a4000 	C:\Windows\SYSTEM32\DBGHELP.DLL
0x00007ffa90040000 - 0x00007ffa9006c000 	C:\Windows\SYSTEM32\dbgcore.DLL
0x00007ffaacde0000 - 0x00007ffaace62000 	C:\Windows\System32\bcryptPrimitives.dll
0x00007ffaa7270000 - 0x00007ffaa7295000 	C:\Users\ROG\.p2\pool\plugins\org.eclipse.justj.openjdk.hotspot.jre.full.win32.x86_64_17.0.2.v20220201-1208\jre\bin\java.dll
0x00007ffaa7450000 - 0x00007ffaa7468000 	C:\Users\ROG\.p2\pool\plugins\org.eclipse.justj.openjdk.hotspot.jre.full.win32.x86_64_17.0.2.v20220201-1208\jre\bin\zip.dll
0x00007ffaaef30000 - 0x00007ffaaf674000 	C:\Windows\System32\SHELL32.dll
0x00007ffaaaee0000 - 0x00007ffaab674000 	C:\Windows\SYSTEM32\windows.storage.dll
0x00007ffaae4b0000 - 0x00007ffaae804000 	C:\Windows\System32\combase.dll
0x00007ffaac840000 - 0x00007ffaac86c000 	C:\Windows\SYSTEM32\Wldp.dll
0x00007ffaae270000 - 0x00007ffaae31d000 	C:\Windows\System32\SHCORE.dll
0x00007ffaae450000 - 0x00007ffaae4a5000 	C:\Windows\System32\shlwapi.dll
0x00007ffaacd20000 - 0x00007ffaacd3f000 	C:\Windows\SYSTEM32\profapi.dll
0x00007ffa5a410000 - 0x00007ffa5a59e000 	C:\Users\ROG\.p2\pool\plugins\org.eclipse.justj.openjdk.hotspot.jre.full.win32.x86_64_17.0.2.v20220201-1208\jre\bin\awt.dll
0x00007ffaaede0000 - 0x00007ffaaeead000 	C:\Windows\System32\OLEAUT32.dll
0x00007ffaaa620000 - 0x00007ffaaa6b0000 	C:\Windows\SYSTEM32\apphelp.dll
0x00007ffaaa760000 - 0x00007ffaaa7fe000 	C:\Windows\system32\uxtheme.dll
0x00007ffaae970000 - 0x00007ffaaea85000 	C:\Windows\System32\MSCTF.dll
0x00007ffaae320000 - 0x00007ffaae44a000 	C:\Windows\System32\ole32.dll
0x00007ffaaa9f0000 - 0x00007ffaaaa1f000 	C:\Windows\system32\DWMAPI.DLL
0x00007ffa94050000 - 0x00007ffa94176000 	C:\Windows\system32\opengl32.dll
0x00007ffa980a0000 - 0x00007ffa980cc000 	C:\Windows\SYSTEM32\GLU32.dll
0x00007ffa5a380000 - 0x00007ffa5a409000 	C:\Users\ROG\.p2\pool\plugins\org.eclipse.justj.openjdk.hotspot.jre.full.win32.x86_64_17.0.2.v20220201-1208\jre\bin\freetype.dll
0x00007ffa580e0000 - 0x00007ffa58188000 	C:\Users\ROG\.p2\pool\plugins\org.eclipse.justj.openjdk.hotspot.jre.full.win32.x86_64_17.0.2.v20220201-1208\jre\bin\fontmanager.dll
0x00007ffaa7040000 - 0x00007ffaa7059000 	C:\Users\ROG\.p2\pool\plugins\org.eclipse.justj.openjdk.hotspot.jre.full.win32.x86_64_17.0.2.v20220201-1208\jre\bin\net.dll
0x00007ffa9ba70000 - 0x00007ffa9bb7a000 	C:\Windows\SYSTEM32\WINHTTP.dll
0x00007ffaac5a0000 - 0x00007ffaac60a000 	C:\Windows\system32\mswsock.dll
0x00007ffaa5630000 - 0x00007ffaa5645000 	C:\Users\ROG\.p2\pool\plugins\org.eclipse.justj.openjdk.hotspot.jre.full.win32.x86_64_17.0.2.v20220201-1208\jre\bin\nio.dll
0x00007ffaadec0000 - 0x00007ffaadf69000 	C:\Windows\System32\clbcatq.dll
0x00007ffaa6280000 - 0x00007ffaa6434000 	C:\Windows\SYSTEM32\WindowsCodecs.dll
0x00007ffaad540000 - 0x00007ffaad567000 	C:\Windows\System32\bcrypt.dll
0x00007ffa955d0000 - 0x00007ffa9560e000 	C:\Windows\system32\dataexchange.dll
0x00007ffaa9450000 - 0x00007ffaa96b4000 	C:\Windows\system32\d3d11.dll
0x00007ffaa9b20000 - 0x00007ffaa9d05000 	C:\Windows\system32\dcomp.dll
0x00007ffaab6e0000 - 0x00007ffaab7d3000 	C:\Windows\system32\dxgi.dll
0x00007ffaa66b0000 - 0x00007ffaa68b1000 	C:\Windows\system32\twinapi.appcore.dll
0x00007ffaa5da0000 - 0x00007ffaa5e99000 	C:\Windows\SYSTEM32\textinputframework.dll
0x00007ffaaa3f0000 - 0x00007ffaaa4e2000 	C:\Windows\System32\CoreMessaging.dll
0x00007ffaa9d10000 - 0x00007ffaaa06e000 	C:\Windows\System32\CoreUIComponents.dll
0x00007ffaabc00000 - 0x00007ffaabc33000 	C:\Windows\SYSTEM32\ntmarta.dll
0x00007ffaa8d30000 - 0x00007ffaa8e84000 	C:\Windows\SYSTEM32\wintypes.dll

dbghelp: loaded successfully - version: 4.0.5 - missing functions: none
symbol engine: initialized successfully - sym options: 0x614 - pdb path: .;C:\Users\ROG\.p2\pool\plugins\org.eclipse.justj.openjdk.hotspot.jre.full.win32.x86_64_17.0.2.v20220201-1208\jre\bin;C:\Windows\SYSTEM32;C:\Windows\WinSxS\amd64_microsoft.windows.common-controls_6595b64144ccf1df_6.0.19041.1110_none_60b5254171f9507e;C:\Users\ROG\.p2\pool\plugins\org.eclipse.justj.openjdk.hotspot.jre.full.win32.x86_64_17.0.2.v20220201-1208\jre\bin\server

VM Arguments:
jvm_args: -Dfile.encoding=UTF-8 -XX:+ShowCodeDetailsInExceptionMessages 
java_command: manage_cafe.gui.JFrOrder
java_class_path (initial): D:\Hoa Sen University\IT\Lap Trinh Huong Doi Tuong\LAB\Project\Manage cafe\bin
Launcher Type: SUN_STANDARD

[Global flags]
     intx CICompilerCount                          = 3                                         {product} {ergonomic}
     uint ConcGCThreads                            = 1                                         {product} {ergonomic}
     uint G1ConcRefinementThreads                  = 4                                         {product} {ergonomic}
   size_t G1HeapRegionSize                         = 1048576                                   {product} {ergonomic}
    uintx GCDrainStackTargetSize                   = 64                                        {product} {ergonomic}
   size_t InitialHeapSize                          = 134217728                                 {product} {ergonomic}
   size_t MarkStackSize                            = 4194304                                   {product} {ergonomic}
   size_t MaxHeapSize                              = 2118123520                                {product} {ergonomic}
   size_t MaxNewSize                               = 1270874112                                {product} {ergonomic}
   size_t MinHeapDeltaBytes                        = 1048576                                   {product} {ergonomic}
   size_t MinHeapSize                              = 8388608                                   {product} {ergonomic}
    uintx NonNMethodCodeHeapSize                   = 5832780                                {pd product} {ergonomic}
    uintx NonProfiledCodeHeapSize                  = 122912730                              {pd product} {ergonomic}
    uintx ProfiledCodeHeapSize                     = 122912730                              {pd product} {ergonomic}
    uintx ReservedCodeCacheSize                    = 251658240                              {pd product} {ergonomic}
     bool SegmentedCodeCache                       = true                                      {product} {ergonomic}
     bool ShowCodeDetailsInExceptionMessages       = true                                   {manageable} {command line}
   size_t SoftMaxHeapSize                          = 2118123520                             {manageable} {ergonomic}
     bool UseCompressedClassPointers               = true                           {product lp64_product} {ergonomic}
     bool UseCompressedOops                        = true                           {product lp64_product} {ergonomic}
     bool UseG1GC                                  = true                                      {product} {ergonomic}
     bool UseLargePagesIndividualAllocation        = false                                  {pd product} {ergonomic}

Logging:
Log output configuration:
 #0: stdout all=warning uptime,level,tags
 #1: stderr all=off uptime,level,tags

Environment Variables:
JAVA_HOME=C:\Program Files\Java\jre1.8.0_321
PATH=C:/Users/ROG/.p2/pool/plugins/org.eclipse.justj.openjdk.hotspot.jre.full.win32.x86_64_17.0.2.v20220201-1208/jre/bin/server;C:/Users/ROG/.p2/pool/plugins/org.eclipse.justj.openjdk.hotspot.jre.full.win32.x86_64_17.0.2.v20220201-1208/jre/bin;C:\Program Files (x86)\Common Files\Oracle\Java\javapath;C:\Windows\system32;C:\Windows;C:\Windows\System32\Wbem;C:\Windows\System32\WindowsPowerShell\v1.0\;C:\Windows\System32\OpenSSH\;C:\MinGW\bin;C:\Program Files\Microsoft VS Code\bin;C:\Program Files\Java\jre1.8.0_321\bin;;C:\Program Files (x86)\NVIDIA Corporation\PhysX\Common;C:\Program Files\NVIDIA Corporation\NVIDIA NvDLISR;C:\Users\ROG\AppData\Local\Programs\Python\Python310\Scripts\;C:\Users\ROG\AppData\Local\Programs\Python\Python310\;C:\Users\ROG\AppData\Local\Microsoft\WindowsApps;;C:\Windows\System32;
USERNAME=ROG
OS=Windows_NT
PROCESSOR_IDENTIFIER=Intel64 Family 6 Model 158 Stepping 9, GenuineIntel



---------------  S Y S T E M  ---------------

OS:
 Windows 10 , 64 bit Build 19041 (10.0.19041.1706)
OS uptime: 12 days 20:47 hours

CPU: total 4 (initial active 4) (4 cores per cpu, 1 threads per core) family 6 model 158 stepping 9 microcode 0xb4, cx8, cmov, fxsr, mmx, 3dnowpref, sse, sse2, sse3, ssse3, sse4.1, sse4.2, popcnt, lzcnt, tsc, tscinvbit, avx, avx2, aes, erms, clmul, bmi1, bmi2, adx, fma, vzeroupper, clflush, clflushopt

Memory: 4k page, system-wide physical 8076M (1144M free)
TotalPageFile size 32652M (AvailPageFile size 0M)
current process WorkingSet (physical memory assigned to process): 80M, peak: 89M
current process commit charge ("private bytes"): 217M, peak: 228M

vm_info: OpenJDK 64-Bit Server VM (17.0.2+8) for windows-amd64 JRE (17.0.2+8), built on Jan 20 2022 04:52:34 by "" with MS VC++ 16.7 (VS2019)

END.
